<?xml version="1.0" encoding="UTF-8"?>
<testsuite name="org.serenity.runners.LoginRunner" tests="1" skipped="0" failures="0" errors="0" timestamp="2024-03-01T18:37:15" hostname="DESKTOP-06CCNNR" time="21.374">
  <properties/>
  <testcase name="Iniciar sesión exitosamente" classname="org.serenity.runners.LoginRunner" time="21.374"/>
  <system-out><![CDATA[13:37:15.647 [Test worker] INFO io.cucumber.core.plugin.SerenityReporter - Running feature from file:///C:/Users/jrest/IdeaProjects/patron-pom/src/test/resources/features/Login.feature
13:37:15.830 [Test worker] DEBUG net.thucydides.core.guice.Injectors - Created injector for module net.thucydides.core.guice.webdriver.WebDriverModule
13:37:15.860 [Test worker] INFO  - 

-------------------------------------------------------------------------------------
     _______. _______ .______       _______ .__   __.  __  .___________.____    ____ 
    /       ||   ____||   _  \     |   ____||  \ |  | |  | |           |\   \  /   / 
   |   (----`|  |__   |  |_)  |    |  |__   |   \|  | |  | `---|  |----` \   \/   /  
    \   \    |   __|  |      /     |   __|  |  . `  | |  |     |  |       \_    _/   
.----)   |   |  |____ |  |\  \----.|  |____ |  |\   | |  |     |  |         |  |     
|_______/    |_______|| _| `._____||_______||__| \__| |__|     |__|         |__|    
                                                                                     
 News and tutorials at http://www.serenity-bdd.info                                  
 Documentation at https://wakaleo.gitbooks.io/the-serenity-book/content/             
 Join the Serenity Community on Gitter: https://gitter.im/serenity-bdd/serenity-core 
 Serenity BDD Support and Training at http://serenity-bdd.info/#/trainingandsupport  
-------------------------------------------------------------------------------------

13:37:15.868 [Test worker] DEBUG net.thucydides.core.steps.StepEventBus - Test suite started for story net.thucydides.core.model.Story@9537c8ca
13:37:15.871 [Test worker] INFO  - Test Suite Started: Inicio de sesión
13:37:15.926 [Test worker] INFO io.cucumber.core.plugin.SerenityReporter - Running feature from file:///C:/Users/jrest/IdeaProjects/patron-pom/src/test/resources/features/Login.feature
13:37:15.930 [Test worker] DEBUG net.thucydides.core.steps.StepEventBus - Test suite started for story net.thucydides.core.model.Story@9537c8ca
13:37:15.930 [Test worker] INFO  - Test Suite Started: Inicio de sesión

@InicioSesionExitoso
Escenario: Iniciar sesiÃ³n exitosamente                       ?[90m# src/test/resources/features/Login.feature:10?[0m
13:37:16.047 [Test worker] INFO io.cucumber.core.plugin.SerenityReporter - Running feature from file:///C:/Users/jrest/IdeaProjects/patron-pom/src/test/resources/features/Login.feature
13:37:16.072 [Test worker] INFO  - 
  _____   ___   ___   _____     ___   _____     _     ___   _____   ___   ___  
 |_   _| | __| / __| |_   _|   / __| |_   _|   /_\   | _ \ |_   _| | __| |   \ 
   | |   | _|  \__ \   | |     \__ \   | |    / _ \  |   /   | |   | _|  | |) |
   |_|   |___| |___/   |_|     |___/   |_|   /_/ \_\ |_|_\   |_|   |___| |___/ 

Iniciar sesión exitosamente(inicio-de-sesión;iniciar-sesión-exitosamente)
--------------------------------------------------------------------------------
13:37:16.733 [Test worker] DEBUG net.thucydides.core.steps.StepInterceptor - STARTING STEP: LoginDefinitions.navegarPaginaInicioSesion - User opens login page@
13:37:16.789 [Test worker] INFO net.serenitybdd.core.webdriver.driverproviders.DriverProvider - Using automatically driver download
13:37:17.180 [Test worker] DEBUG org.apache.hc.client5.http.impl.classic.InternalHttpClient - ex-0000000001 preparing request execution
13:37:17.190 [Test worker] DEBUG org.apache.hc.client5.http.protocol.RequestAddCookies - ex-0000000001 Cookie spec selected: strict
13:37:17.197 [Test worker] DEBUG org.apache.hc.client5.http.protocol.RequestAuthCache - ex-0000000001 Auth cache not set in the context
13:37:17.197 [Test worker] DEBUG org.apache.hc.client5.http.impl.classic.ProtocolExec - ex-0000000001 target auth state: UNCHALLENGED
13:37:17.198 [Test worker] DEBUG org.apache.hc.client5.http.impl.classic.ProtocolExec - ex-0000000001 proxy auth state: UNCHALLENGED
13:37:17.199 [Test worker] DEBUG org.apache.hc.client5.http.impl.classic.ConnectExec - ex-0000000001 acquiring connection with route {s}->https://raw.githubusercontent.com:443
13:37:17.199 [Test worker] DEBUG org.apache.hc.client5.http.impl.classic.InternalHttpClient - ex-0000000001 acquiring endpoint (3 MINUTES)
13:37:17.202 [Test worker] DEBUG org.apache.hc.client5.http.impl.io.PoolingHttpClientConnectionManager - ex-0000000001 endpoint lease request (3 MINUTES) [route: {s}->https://raw.githubusercontent.com:443][total available: 0; route allocated: 0 of 5; total allocated: 0 of 25]
13:37:17.208 [Test worker] DEBUG org.apache.hc.client5.http.impl.io.PoolingHttpClientConnectionManager - ex-0000000001 endpoint leased [route: {s}->https://raw.githubusercontent.com:443][total available: 0; route allocated: 1 of 5; total allocated: 1 of 25]
13:37:17.226 [Test worker] DEBUG org.apache.hc.client5.http.impl.io.PoolingHttpClientConnectionManager - ex-0000000001 acquired ep-0000000000
13:37:17.226 [Test worker] DEBUG org.apache.hc.client5.http.impl.classic.InternalHttpClient - ex-0000000001 acquired endpoint ep-0000000000
13:37:17.226 [Test worker] DEBUG org.apache.hc.client5.http.impl.classic.ConnectExec - ex-0000000001 opening connection {s}->https://raw.githubusercontent.com:443
13:37:17.227 [Test worker] DEBUG org.apache.hc.client5.http.impl.classic.InternalHttpClient - ep-0000000000 connecting endpoint (30 SECONDS)
13:37:17.227 [Test worker] DEBUG org.apache.hc.client5.http.impl.io.PoolingHttpClientConnectionManager - ep-0000000000 connecting endpoint to https://raw.githubusercontent.com:443 (30 SECONDS)
13:37:17.254 [Test worker] DEBUG org.apache.hc.client5.http.impl.io.DefaultHttpClientConnectionOperator - http-outgoing-0 connecting to raw.githubusercontent.com/185.199.110.133:443
13:37:17.254 [Test worker] DEBUG org.apache.hc.client5.http.ssl.SSLConnectionSocketFactory - Connecting socket to raw.githubusercontent.com/185.199.110.133:443 with timeout 30 SECONDS
13:37:17.304 [Test worker] DEBUG org.apache.hc.client5.http.ssl.SSLConnectionSocketFactory - Enabled protocols: [TLSv1.3, TLSv1.2]
13:37:17.304 [Test worker] DEBUG org.apache.hc.client5.http.ssl.SSLConnectionSocketFactory - Enabled cipher suites: [TLS_AES_256_GCM_SHA384, TLS_AES_128_GCM_SHA256, TLS_CHACHA20_POLY1305_SHA256, TLS_ECDHE_ECDSA_WITH_AES_256_GCM_SHA384, TLS_ECDHE_ECDSA_WITH_AES_128_GCM_SHA256, TLS_ECDHE_ECDSA_WITH_CHACHA20_POLY1305_SHA256, TLS_ECDHE_RSA_WITH_AES_256_GCM_SHA384, TLS_ECDHE_RSA_WITH_CHACHA20_POLY1305_SHA256, TLS_ECDHE_RSA_WITH_AES_128_GCM_SHA256, TLS_DHE_RSA_WITH_AES_256_GCM_SHA384, TLS_DHE_RSA_WITH_CHACHA20_POLY1305_SHA256, TLS_DHE_DSS_WITH_AES_256_GCM_SHA384, TLS_DHE_RSA_WITH_AES_128_GCM_SHA256, TLS_DHE_DSS_WITH_AES_128_GCM_SHA256, TLS_ECDHE_ECDSA_WITH_AES_256_CBC_SHA384, TLS_ECDHE_RSA_WITH_AES_256_CBC_SHA384, TLS_ECDHE_ECDSA_WITH_AES_128_CBC_SHA256, TLS_ECDHE_RSA_WITH_AES_128_CBC_SHA256, TLS_DHE_RSA_WITH_AES_256_CBC_SHA256, TLS_DHE_DSS_WITH_AES_256_CBC_SHA256, TLS_DHE_RSA_WITH_AES_128_CBC_SHA256, TLS_DHE_DSS_WITH_AES_128_CBC_SHA256, TLS_ECDH_ECDSA_WITH_AES_256_GCM_SHA384, TLS_ECDH_RSA_WITH_AES_256_GCM_SHA384, TLS_ECDH_ECDSA_WITH_AES_128_GCM_SHA256, TLS_ECDH_RSA_WITH_AES_128_GCM_SHA256, TLS_ECDH_ECDSA_WITH_AES_256_CBC_SHA384, TLS_ECDH_RSA_WITH_AES_256_CBC_SHA384, TLS_ECDH_ECDSA_WITH_AES_128_CBC_SHA256, TLS_ECDH_RSA_WITH_AES_128_CBC_SHA256, TLS_ECDHE_ECDSA_WITH_AES_256_CBC_SHA, TLS_ECDHE_RSA_WITH_AES_256_CBC_SHA, TLS_ECDHE_ECDSA_WITH_AES_128_CBC_SHA, TLS_ECDHE_RSA_WITH_AES_128_CBC_SHA, TLS_DHE_RSA_WITH_AES_256_CBC_SHA, TLS_DHE_DSS_WITH_AES_256_CBC_SHA, TLS_DHE_RSA_WITH_AES_128_CBC_SHA, TLS_DHE_DSS_WITH_AES_128_CBC_SHA, TLS_ECDH_ECDSA_WITH_AES_256_CBC_SHA, TLS_ECDH_RSA_WITH_AES_256_CBC_SHA, TLS_ECDH_ECDSA_WITH_AES_128_CBC_SHA, TLS_ECDH_RSA_WITH_AES_128_CBC_SHA, TLS_RSA_WITH_AES_256_GCM_SHA384, TLS_RSA_WITH_AES_128_GCM_SHA256, TLS_RSA_WITH_AES_256_CBC_SHA256, TLS_RSA_WITH_AES_128_CBC_SHA256, TLS_RSA_WITH_AES_256_CBC_SHA, TLS_RSA_WITH_AES_128_CBC_SHA, TLS_EMPTY_RENEGOTIATION_INFO_SCSV]
13:37:17.304 [Test worker] DEBUG org.apache.hc.client5.http.ssl.SSLConnectionSocketFactory - Starting handshake
13:37:17.423 [Test worker] DEBUG org.apache.hc.client5.http.ssl.SSLConnectionSocketFactory - Secure session established
13:37:17.423 [Test worker] DEBUG org.apache.hc.client5.http.ssl.SSLConnectionSocketFactory -  negotiated protocol: TLSv1.3
13:37:17.423 [Test worker] DEBUG org.apache.hc.client5.http.ssl.SSLConnectionSocketFactory -  negotiated cipher suite: TLS_AES_128_GCM_SHA256
13:37:17.423 [Test worker] DEBUG org.apache.hc.client5.http.ssl.SSLConnectionSocketFactory -  peer principal: CN=*.github.io, O="GitHub, Inc.", L=San Francisco, ST=California, C=US
13:37:17.426 [Test worker] DEBUG org.apache.hc.client5.http.ssl.SSLConnectionSocketFactory -  peer alternative names: [*.github.io, github.io, *.github.com, github.com, www.github.com, *.githubusercontent.com, githubusercontent.com]
13:37:17.426 [Test worker] DEBUG org.apache.hc.client5.http.ssl.SSLConnectionSocketFactory -  issuer principal: CN=DigiCert TLS RSA SHA256 2020 CA1, O=DigiCert Inc, C=US
13:37:17.427 [Test worker] DEBUG org.apache.hc.client5.http.impl.io.DefaultHttpClientConnectionOperator - http-outgoing-0 connection established 192.168.1.8:61954<->185.199.110.133:443
13:37:17.428 [Test worker] DEBUG org.apache.hc.client5.http.impl.io.PoolingHttpClientConnectionManager - ep-0000000000 connected http-outgoing-0
13:37:17.428 [Test worker] DEBUG org.apache.hc.client5.http.impl.classic.InternalHttpClient - ep-0000000000 endpoint connected
13:37:17.429 [Test worker] DEBUG org.apache.hc.client5.http.impl.classic.MainClientExec - ex-0000000001 executing GET /bonigarcia/webdrivermanager/master/src/main/resources/commands.properties HTTP/1.1
13:37:17.429 [Test worker] DEBUG org.apache.hc.client5.http.impl.classic.InternalHttpClient - ep-0000000000 start execution ex-0000000001
13:37:17.430 [Test worker] DEBUG org.apache.hc.client5.http.impl.io.PoolingHttpClientConnectionManager - ep-0000000000 executing exchange ex-0000000001 over http-outgoing-0
13:37:17.430 [Test worker] DEBUG org.apache.hc.client5.http.headers - http-outgoing-0 >> GET /bonigarcia/webdrivermanager/master/src/main/resources/commands.properties HTTP/1.1
13:37:17.430 [Test worker] DEBUG org.apache.hc.client5.http.headers - http-outgoing-0 >> user-agent: Apache-HttpClient/5.0
13:37:17.431 [Test worker] DEBUG org.apache.hc.client5.http.headers - http-outgoing-0 >> accept-encoding: gzip, deflate, br
13:37:17.431 [Test worker] DEBUG org.apache.hc.client5.http.headers - http-outgoing-0 >> cache-control: max-age=0
13:37:17.431 [Test worker] DEBUG org.apache.hc.client5.http.headers - http-outgoing-0 >> connection: keep-alive
13:37:17.431 [Test worker] DEBUG org.apache.hc.client5.http.headers - http-outgoing-0 >> Host: raw.githubusercontent.com
13:37:17.431 [Test worker] DEBUG org.apache.hc.client5.http.wire - http-outgoing-0 >> "GET /bonigarcia/webdrivermanager/master/src/main/resources/commands.properties HTTP/1.1[\r][\n]"
13:37:17.431 [Test worker] DEBUG org.apache.hc.client5.http.wire - http-outgoing-0 >> "user-agent: Apache-HttpClient/5.0[\r][\n]"
13:37:17.432 [Test worker] DEBUG org.apache.hc.client5.http.wire - http-outgoing-0 >> "accept-encoding: gzip, deflate, br[\r][\n]"
13:37:17.432 [Test worker] DEBUG org.apache.hc.client5.http.wire - http-outgoing-0 >> "cache-control: max-age=0[\r][\n]"
13:37:17.432 [Test worker] DEBUG org.apache.hc.client5.http.wire - http-outgoing-0 >> "connection: keep-alive[\r][\n]"
13:37:17.432 [Test worker] DEBUG org.apache.hc.client5.http.wire - http-outgoing-0 >> "Host: raw.githubusercontent.com[\r][\n]"
13:37:17.432 [Test worker] DEBUG org.apache.hc.client5.http.wire - http-outgoing-0 >> "[\r][\n]"
13:37:17.469 [Test worker] DEBUG org.apache.hc.client5.http.wire - http-outgoing-0 << "HTTP/1.1 200 OK[\r][\n]"
13:37:17.469 [Test worker] DEBUG org.apache.hc.client5.http.wire - http-outgoing-0 << "Connection: keep-alive[\r][\n]"
13:37:17.469 [Test worker] DEBUG org.apache.hc.client5.http.wire - http-outgoing-0 << "Content-Length: 745[\r][\n]"
13:37:17.469 [Test worker] DEBUG org.apache.hc.client5.http.wire - http-outgoing-0 << "Cache-Control: max-age=300[\r][\n]"
13:37:17.470 [Test worker] DEBUG org.apache.hc.client5.http.wire - http-outgoing-0 << "Content-Security-Policy: default-src 'none'; style-src 'unsafe-inline'; sandbox[\r][\n]"
13:37:17.470 [Test worker] DEBUG org.apache.hc.client5.http.wire - http-outgoing-0 << "Content-Type: text/plain; charset=utf-8[\r][\n]"
13:37:17.470 [Test worker] DEBUG org.apache.hc.client5.http.wire - http-outgoing-0 << "ETag: W/"dd41edff335272162022217759820159dac501cff56850e2510f504462cd9b5f"[\r][\n]"
13:37:17.470 [Test worker] DEBUG org.apache.hc.client5.http.wire - http-outgoing-0 << "Strict-Transport-Security: max-age=31536000[\r][\n]"
13:37:17.470 [Test worker] DEBUG org.apache.hc.client5.http.wire - http-outgoing-0 << "X-Content-Type-Options: nosniff[\r][\n]"
13:37:17.470 [Test worker] DEBUG org.apache.hc.client5.http.wire - http-outgoing-0 << "X-Frame-Options: deny[\r][\n]"
13:37:17.470 [Test worker] DEBUG org.apache.hc.client5.http.wire - http-outgoing-0 << "X-XSS-Protection: 1; mode=block[\r][\n]"
13:37:17.470 [Test worker] DEBUG org.apache.hc.client5.http.wire - http-outgoing-0 << "X-GitHub-Request-Id: 101A:23D5:300726:3EAC22:65E1B0D8[\r][\n]"
13:37:17.470 [Test worker] DEBUG org.apache.hc.client5.http.wire - http-outgoing-0 << "Content-Encoding: gzip[\r][\n]"
13:37:17.471 [Test worker] DEBUG org.apache.hc.client5.http.wire - http-outgoing-0 << "Accept-Ranges: bytes[\r][\n]"
13:37:17.471 [Test worker] DEBUG org.apache.hc.client5.http.wire - http-outgoing-0 << "Date: Fri, 01 Mar 2024 18:37:17 GMT[\r][\n]"
13:37:17.471 [Test worker] DEBUG org.apache.hc.client5.http.wire - http-outgoing-0 << "Via: 1.1 varnish[\r][\n]"
13:37:17.471 [Test worker] DEBUG org.apache.hc.client5.http.wire - http-outgoing-0 << "X-Served-By: cache-bog2260038-BOG[\r][\n]"
13:37:17.471 [Test worker] DEBUG org.apache.hc.client5.http.wire - http-outgoing-0 << "X-Cache: HIT[\r][\n]"
13:37:17.471 [Test worker] DEBUG org.apache.hc.client5.http.wire - http-outgoing-0 << "X-Cache-Hits: 1[\r][\n]"
13:37:17.471 [Test worker] DEBUG org.apache.hc.client5.http.wire - http-outgoing-0 << "X-Timer: S1709318238.623080,VS0,VE1[\r][\n]"
13:37:17.471 [Test worker] DEBUG org.apache.hc.client5.http.wire - http-outgoing-0 << "Vary: Authorization,Accept-Encoding,Origin[\r][\n]"
13:37:17.472 [Test worker] DEBUG org.apache.hc.client5.http.wire - http-outgoing-0 << "Access-Control-Allow-Origin: *[\r][\n]"
13:37:17.472 [Test worker] DEBUG org.apache.hc.client5.http.wire - http-outgoing-0 << "Cross-Origin-Resource-Policy: cross-origin[\r][\n]"
13:37:17.472 [Test worker] DEBUG org.apache.hc.client5.http.wire - http-outgoing-0 << "X-Fastly-Request-ID: ed03c3b53e9319f5655905132968417c83d15eb6[\r][\n]"
13:37:17.472 [Test worker] DEBUG org.apache.hc.client5.http.wire - http-outgoing-0 << "Expires: Fri, 01 Mar 2024 18:42:17 GMT[\r][\n]"
13:37:17.472 [Test worker] DEBUG org.apache.hc.client5.http.wire - http-outgoing-0 << "Source-Age: 71[\r][\n]"
13:37:17.472 [Test worker] DEBUG org.apache.hc.client5.http.wire - http-outgoing-0 << "[\r][\n]"
13:37:17.488 [Test worker] DEBUG org.apache.hc.client5.http.headers - http-outgoing-0 << HTTP/1.1 200 OK
13:37:17.489 [Test worker] DEBUG org.apache.hc.client5.http.headers - http-outgoing-0 << Connection: keep-alive
13:37:17.489 [Test worker] DEBUG org.apache.hc.client5.http.headers - http-outgoing-0 << Content-Length: 745
13:37:17.489 [Test worker] DEBUG org.apache.hc.client5.http.headers - http-outgoing-0 << Cache-Control: max-age=300
13:37:17.489 [Test worker] DEBUG org.apache.hc.client5.http.headers - http-outgoing-0 << Content-Security-Policy: default-src 'none'; style-src 'unsafe-inline'; sandbox
13:37:17.489 [Test worker] DEBUG org.apache.hc.client5.http.headers - http-outgoing-0 << Content-Type: text/plain; charset=utf-8
13:37:17.489 [Test worker] DEBUG org.apache.hc.client5.http.headers - http-outgoing-0 << ETag: W/"dd41edff335272162022217759820159dac501cff56850e2510f504462cd9b5f"
13:37:17.489 [Test worker] DEBUG org.apache.hc.client5.http.headers - http-outgoing-0 << Strict-Transport-Security: max-age=31536000
13:37:17.489 [Test worker] DEBUG org.apache.hc.client5.http.headers - http-outgoing-0 << X-Content-Type-Options: nosniff
13:37:17.489 [Test worker] DEBUG org.apache.hc.client5.http.headers - http-outgoing-0 << X-Frame-Options: deny
13:37:17.489 [Test worker] DEBUG org.apache.hc.client5.http.headers - http-outgoing-0 << X-XSS-Protection: 1; mode=block
13:37:17.489 [Test worker] DEBUG org.apache.hc.client5.http.headers - http-outgoing-0 << X-GitHub-Request-Id: 101A:23D5:300726:3EAC22:65E1B0D8
13:37:17.489 [Test worker] DEBUG org.apache.hc.client5.http.headers - http-outgoing-0 << Content-Encoding: gzip
13:37:17.489 [Test worker] DEBUG org.apache.hc.client5.http.headers - http-outgoing-0 << Accept-Ranges: bytes
13:37:17.490 [Test worker] DEBUG org.apache.hc.client5.http.headers - http-outgoing-0 << Date: Fri, 01 Mar 2024 18:37:17 GMT
13:37:17.490 [Test worker] DEBUG org.apache.hc.client5.http.headers - http-outgoing-0 << Via: 1.1 varnish
13:37:17.490 [Test worker] DEBUG org.apache.hc.client5.http.headers - http-outgoing-0 << X-Served-By: cache-bog2260038-BOG
13:37:17.490 [Test worker] DEBUG org.apache.hc.client5.http.headers - http-outgoing-0 << X-Cache: HIT
13:37:17.490 [Test worker] DEBUG org.apache.hc.client5.http.headers - http-outgoing-0 << X-Cache-Hits: 1
13:37:17.490 [Test worker] DEBUG org.apache.hc.client5.http.headers - http-outgoing-0 << X-Timer: S1709318238.623080,VS0,VE1
13:37:17.490 [Test worker] DEBUG org.apache.hc.client5.http.headers - http-outgoing-0 << Vary: Authorization,Accept-Encoding,Origin
13:37:17.490 [Test worker] DEBUG org.apache.hc.client5.http.headers - http-outgoing-0 << Access-Control-Allow-Origin: *
13:37:17.490 [Test worker] DEBUG org.apache.hc.client5.http.headers - http-outgoing-0 << Cross-Origin-Resource-Policy: cross-origin
13:37:17.490 [Test worker] DEBUG org.apache.hc.client5.http.headers - http-outgoing-0 << X-Fastly-Request-ID: ed03c3b53e9319f5655905132968417c83d15eb6
13:37:17.490 [Test worker] DEBUG org.apache.hc.client5.http.headers - http-outgoing-0 << Expires: Fri, 01 Mar 2024 18:42:17 GMT
13:37:17.490 [Test worker] DEBUG org.apache.hc.client5.http.headers - http-outgoing-0 << Source-Age: 71
13:37:17.499 [Test worker] DEBUG org.apache.hc.client5.http.impl.classic.MainClientExec - ex-0000000001 connection can be kept alive for 3 MINUTES
13:37:17.506 [Test worker] DEBUG org.apache.hc.client5.http.wire - http-outgoing-0 << "[0x1f][0xffffff8b][0x8][0x0][0x0][0x0][0x0][0x0][0x0][0x3][0xffffffb5]W]o[0xffffffda]0[0x14]}[0xffffffe7]W\QUj% [0x1b][0xffffffad][0xffffffa6]i[0x12][0xf]4c[0xffffffdd]4*[0x18][0xffffffb4][0xffffffdd]&[0xfffffff9][0xffffffc5]$N[0xffffffb0][0xffffff94][0xffffffd8][0xffffffc8]NJ[0xffffffb7]_?[0xffffffdb][0xfffffff9]X[0xffffff92]:[0xffffffa3]k[0xffffffe8][0x1b][0xffffffb6][0xffffffef]=[0xffffffe7][0xffffffd8][0xfffffff7][0xffffffe4][0xffffffda][0xffffff9c][0xffffff80][0xffffffcb][0xffffffe3][0x18]3_[0xffffff82][0xffffff8f][0x13][0xffffffbc][0xffffffc1][0xffffff92][0xfffffff4]N[0xffffffe0]vK%[0x4]4"[0xffffffe0]q[0xffffff96]`[0xffffffca]$$[=[0xffffffc8]C[0x13][0xe][0x1b][0x2][0xffffffe4][0xffffff91]xiB|[0xffffffa0][0xffffffcc],[0xffffffcb]-[0xffffff89]"=[0xffffffe0][0xffffffc2]'B[0x7][0xfffffff9]$!^b[0x16][0x1f][0xffffff88][0xffffff90][0xffffff94][0xffffffab][0xffffffb5][0x0][0xffffff88][0xfffffffa][0x1d][\n]"
13:37:17.507 [Test worker] DEBUG org.apache.hc.client5.http.wire - http-outgoing-0 << "B[0x18]l[0x4][0xffffffdf]K[0xffffffb5][0xffffffa0]([0xffffffcf][0xffffffdc][0xffffffad][0xffffffe0]1[0x19][0xffffffc0]'*H[0xffffffc0][0x1f][0x7][0xffffffb0][0xffffffd8][0x11][0xffffff81][0x7]0[0xfffffff3]C5kVi[0x1a][0xffffff9f]k|[0xffffff9f][0x6][0x1][0x11][0xffffff84]%[0xffffffc0]uLBY[0x8][0xfffffff2][0xffffff97]LH,[0xffffffe1][0xffffffec];e[0xffffffbe]B[0x1d][0xffffffc0][0xffffff9c][0xffffffb2]T[0xffffffc1][0xffffffdc]`[0xf][0x16][0xffffffeb][0xfffffff3][0xffffff9e][0xffffffe2][0xffffffc8](z[0xfffffff9]6F[0xffffff9e][0x19][0xffffff8e][0xfffffff6]Y[0xffffffc2][0xffffffe8][0xffffffcd][0xffffffdb][0xffffff89][0x17][0xfffffffb]#[0xffffffb5]+p\[0xffffffd8][0xffffffc7][0xffffffd4]3Gb[0xffffff8e]a[0xffffffbf]U|[0xffffffc0]pL&[0xfffffffd][0xffffffd3][0xffffffe5]jq[0xffffffbd][0xffffff9a][0xffffffde]|[0xfffffffa]2[0xffffff9f][0xffffffad]?[0xffffffa0][0x9]B[0xffffffa7][0x8]]s[0x1e]F[0x4][0xffffffa1][0xffffff8c][0x2][0xffffffa1][0xffffffe9]n[0x17]QOI[0xffffffe3][0xc][0xffffffa1][0xffffff9c]H![0xfffffff7]!$[0x9][0xffffffdc][0xffffffe7]g[0xffffffe1]<[0xffffffe0](m[0xffffffd7]3~[0xffffff81][0xffffff9e][0xffffffb3][0x1f][0xffffffef][0xffffffdf][0xffffff9d][0xffffffbf][0xffffffa6][0xffffffa8][0xffffff8b]g[0xffffff8a][0xffffff9a]/[0xffffffdc][0xffffffe9]|[0xffffffba]\~[0xffffff9c][0xffffffde]N_S[0xffffffcf][0xffffffe5]d5[0xffffffbb][0xffffff86]ow[0xffffffb3][0xffffffd5]O[0xfffffff8][0xfffffffc][0xffffffd5][0xffffffbd]Ck[0x1e]${,H[0xffffffc1][0xffffff96][0xffffff93]][0xffffffcd][0xffffffaf][0x8][0xfffffff6][0xc]^[0xffffffe1][0xffffffc5]^[0x13]4[0xffffffd2][0xffffff8e][0xffffffd1]>pR)[0xffffff9c][\r]eNh0[0xffffff86][0xffffffd9]:[0xc][0xffffff87]E[0xffffffa6]=q<i[0xffffff8b]o&[0xffffffc4][0xffffffd8]3<[0xffffff95][0x13][0xffffff90]N&8w[0xffffffe9][0x8][0xffffffef]v[0xffffff8e][0xffffffab][0xffffffbe]>es[0xffffffe9]([0x13]/[0xffffffd6][0xfffffff5][0xffffff80]*[0xffffffba][0xfffffff2]v[0xfffffffe][0xffffffd9][0xffffff94]DA6>[0xffffff8e][0xffffffbb]o[0xfffffff8]o[0x1a]E[0xffffffb8] A[0xffffffa8]@?T[0xffffffad]'*:{[0xfffffffa]xR.*[0xffffffce][0xffffffe9][0xffffffd7][0xffffffad][0xffffff93][0xffffff93]4[0xffffffc9][0xfffffffa][0xffffffda]<n*t[0xffffffeb][0xffffffb9]oV[0xffffffb6][0xffffffc0]/M[0xffffff94]O[0xffffffc0][0xfffffff0][0xffffffe1]i[0xffffff90][0xffffffb5][0xfffffffe]9[0xffffff8b][0xffffffad][0xfffffff2]U,Ul[0xffffffdd][0x13]KL[0xffffffa2][0x6][0xffffffdd][0xffffffca]\?`[0xffffffea][0x9].[0xffffffd5]I [0xffffffa4]i[0x1a]_i,[\r][0xffffffdd][0xffffffa1][0xffffffc3][0xffffffae]kzI[0xffffffd1]_Q[0xffffffce]Ek[0xffffffcb][0xfffffff8]Kf[0xffffffb8][0xfffffffe][0xffffffd9]3[0xc][0xffffffe6][0xffffffd3][0xffffff8e][0x11][0x17][0x10]C[0x1d]`i[0x19][0xffffffd5][0xffffffbc][0xfffffff1][0xffffffa4]5[0xffffffbc][0x1e]o[0xfffffff5]K[0xffffffa9][0xffffffd6][0xfffffff8][0xffffffc1]f[0xffffff9b]z[0x4][0xffffffd4][0x1a][0xffffff86][0xffffffb9]^K[0x16]s[0xffffff91][0xfffffffe][0xffffffbf][0xffffff8b]l]~)x(p,[0x11]2[0x14][0x8]E8e[0xffffff9e][0xffffffca]:X[0xffffffa6][0xffffff86][0xffffff88].[0xffffffb6]9[0xffffff9a][0xffffff88].[0xfffffff7]]G[0xffffffea][0xffffffcb][0xe][0xfffffffb][0x7f].u[0xffffff83][0xffffffbb][0xfffffff4][0xffffffb3][0x19][0xffffffda][0xffffffec][0xffffff98][0xffffffc5]Y[0xfffffffd]h8m6\4[0xffffffc1][0xffffff8a][0xffffffb7][0xffffff98]z[0xffffffd0][0xffffffd5]oF5q[0x1c][0x13][0x16][0xfffffff0][0x1d][0x1e][0x19]5-[0xffffff9d][0xffffffef][0xffffffad]c[0xb]z[0xffffffae]/m[0xffffffe6]8[0xffffffb6][0xffffff96][0xfffffff6]7X[0xffffffc9]t[0xfffffff8][0xfffffff9][0xffffffa5][0x11]K[0xfffffffb][0x15]3[0xffffffc3][0xfffffffc][0x1f]B[0xffffffdb][0xffffffd3][0xffffffab][0xffffff92]4.[0xffffff93]Z[0xffffffdf]]:[0xffffffda][0xffffffea][0xffffffdc]B[0xffffffa6][0xffffffcd][0xffffffbc][0xffffffae][0x5][0xfffffff5][0x4][0xffffffd6]8[0xffffffc0][0xffffff82][0xffffff96][0xfffffff0][0xffffffd2][0xc][0xffffffed][0xffffffe0]Y[0xffffffa8][\r]:[[0xffffffa9][0x0][0xffffffff][0x1][0xfffffff8][0x15][0xffffffb4][0xffffffee][0xffffff8e][\r][0x0][0x0]"
13:37:17.508 [Test worker] DEBUG org.apache.hc.client5.http.impl.classic.InternalHttpClient - ep-0000000000 releasing valid endpoint
13:37:17.509 [Test worker] DEBUG org.apache.hc.client5.http.impl.io.PoolingHttpClientConnectionManager - ep-0000000000 releasing endpoint
13:37:17.509 [Test worker] DEBUG org.apache.hc.client5.http.impl.io.PoolingHttpClientConnectionManager - ep-0000000000 connection http-outgoing-0 can be kept alive for 3 MINUTES
13:37:17.510 [Test worker] DEBUG org.apache.hc.client5.http.impl.io.PoolingHttpClientConnectionManager - ep-0000000000 connection released [route: {s}->https://raw.githubusercontent.com:443][total available: 1; route allocated: 1 of 5; total allocated: 1 of 25]
13:37:17.511 [Test worker] DEBUG io.github.bonigarcia.wdm.versions.VersionDetector - Detecting chrome version using online commands.properties
13:37:17.513 [Test worker] DEBUG io.github.bonigarcia.wdm.versions.Shell - Running command on the shell: [cmd.exe, /C, wmic, datafile, where, name="%PROGRAMFILES:\=\\%\\Google\\Chrome\\Application\\chrome.exe", get, Version, /value]
13:37:17.706 [Test worker] DEBUG io.github.bonigarcia.wdm.versions.Shell - Result: Version=122.0.6261.95
13:37:17.713 [Test worker] DEBUG org.apache.hc.client5.http.impl.classic.InternalHttpClient - ex-0000000002 preparing request execution
13:37:17.713 [Test worker] DEBUG org.apache.hc.client5.http.protocol.RequestAddCookies - ex-0000000002 Cookie spec selected: strict
13:37:17.713 [Test worker] DEBUG org.apache.hc.client5.http.protocol.RequestAuthCache - ex-0000000002 Auth cache not set in the context
13:37:17.713 [Test worker] DEBUG org.apache.hc.client5.http.impl.classic.ProtocolExec - ex-0000000002 target auth state: UNCHALLENGED
13:37:17.714 [Test worker] DEBUG org.apache.hc.client5.http.impl.classic.ProtocolExec - ex-0000000002 proxy auth state: UNCHALLENGED
13:37:17.714 [Test worker] DEBUG org.apache.hc.client5.http.impl.classic.ConnectExec - ex-0000000002 acquiring connection with route {s}->https://chromedriver.storage.googleapis.com:443
13:37:17.714 [Test worker] DEBUG org.apache.hc.client5.http.impl.classic.InternalHttpClient - ex-0000000002 acquiring endpoint (3 MINUTES)
13:37:17.715 [Test worker] DEBUG org.apache.hc.client5.http.impl.io.PoolingHttpClientConnectionManager - ex-0000000002 endpoint lease request (3 MINUTES) [route: {s}->https://chromedriver.storage.googleapis.com:443][total available: 1; route allocated: 0 of 5; total allocated: 1 of 25]
13:37:17.717 [Test worker] DEBUG org.apache.hc.client5.http.impl.io.PoolingHttpClientConnectionManager - ex-0000000002 endpoint leased [route: {s}->https://chromedriver.storage.googleapis.com:443][total available: 1; route allocated: 1 of 5; total allocated: 2 of 25]
13:37:17.717 [Test worker] DEBUG org.apache.hc.client5.http.impl.io.PoolingHttpClientConnectionManager - ex-0000000002 acquired ep-0000000001
13:37:17.718 [Test worker] DEBUG org.apache.hc.client5.http.impl.classic.InternalHttpClient - ex-0000000002 acquired endpoint ep-0000000001
13:37:17.719 [Test worker] DEBUG org.apache.hc.client5.http.impl.classic.ConnectExec - ex-0000000002 opening connection {s}->https://chromedriver.storage.googleapis.com:443
13:37:17.719 [Test worker] DEBUG org.apache.hc.client5.http.impl.classic.InternalHttpClient - ep-0000000001 connecting endpoint (30 SECONDS)
13:37:17.720 [Test worker] DEBUG org.apache.hc.client5.http.impl.io.PoolingHttpClientConnectionManager - ep-0000000001 connecting endpoint to https://chromedriver.storage.googleapis.com:443 (30 SECONDS)
13:37:17.801 [Test worker] DEBUG org.apache.hc.client5.http.impl.io.DefaultHttpClientConnectionOperator - http-outgoing-1 connecting to chromedriver.storage.googleapis.com/142.250.78.91:443
13:37:17.801 [Test worker] DEBUG org.apache.hc.client5.http.ssl.SSLConnectionSocketFactory - Connecting socket to chromedriver.storage.googleapis.com/142.250.78.91:443 with timeout 30 SECONDS
13:37:17.827 [Test worker] DEBUG org.apache.hc.client5.http.ssl.SSLConnectionSocketFactory - Enabled protocols: [TLSv1.3, TLSv1.2]
13:37:17.828 [Test worker] DEBUG org.apache.hc.client5.http.ssl.SSLConnectionSocketFactory - Enabled cipher suites: [TLS_AES_256_GCM_SHA384, TLS_AES_128_GCM_SHA256, TLS_CHACHA20_POLY1305_SHA256, TLS_ECDHE_ECDSA_WITH_AES_256_GCM_SHA384, TLS_ECDHE_ECDSA_WITH_AES_128_GCM_SHA256, TLS_ECDHE_ECDSA_WITH_CHACHA20_POLY1305_SHA256, TLS_ECDHE_RSA_WITH_AES_256_GCM_SHA384, TLS_ECDHE_RSA_WITH_CHACHA20_POLY1305_SHA256, TLS_ECDHE_RSA_WITH_AES_128_GCM_SHA256, TLS_DHE_RSA_WITH_AES_256_GCM_SHA384, TLS_DHE_RSA_WITH_CHACHA20_POLY1305_SHA256, TLS_DHE_DSS_WITH_AES_256_GCM_SHA384, TLS_DHE_RSA_WITH_AES_128_GCM_SHA256, TLS_DHE_DSS_WITH_AES_128_GCM_SHA256, TLS_ECDHE_ECDSA_WITH_AES_256_CBC_SHA384, TLS_ECDHE_RSA_WITH_AES_256_CBC_SHA384, TLS_ECDHE_ECDSA_WITH_AES_128_CBC_SHA256, TLS_ECDHE_RSA_WITH_AES_128_CBC_SHA256, TLS_DHE_RSA_WITH_AES_256_CBC_SHA256, TLS_DHE_DSS_WITH_AES_256_CBC_SHA256, TLS_DHE_RSA_WITH_AES_128_CBC_SHA256, TLS_DHE_DSS_WITH_AES_128_CBC_SHA256, TLS_ECDH_ECDSA_WITH_AES_256_GCM_SHA384, TLS_ECDH_RSA_WITH_AES_256_GCM_SHA384, TLS_ECDH_ECDSA_WITH_AES_128_GCM_SHA256, TLS_ECDH_RSA_WITH_AES_128_GCM_SHA256, TLS_ECDH_ECDSA_WITH_AES_256_CBC_SHA384, TLS_ECDH_RSA_WITH_AES_256_CBC_SHA384, TLS_ECDH_ECDSA_WITH_AES_128_CBC_SHA256, TLS_ECDH_RSA_WITH_AES_128_CBC_SHA256, TLS_ECDHE_ECDSA_WITH_AES_256_CBC_SHA, TLS_ECDHE_RSA_WITH_AES_256_CBC_SHA, TLS_ECDHE_ECDSA_WITH_AES_128_CBC_SHA, TLS_ECDHE_RSA_WITH_AES_128_CBC_SHA, TLS_DHE_RSA_WITH_AES_256_CBC_SHA, TLS_DHE_DSS_WITH_AES_256_CBC_SHA, TLS_DHE_RSA_WITH_AES_128_CBC_SHA, TLS_DHE_DSS_WITH_AES_128_CBC_SHA, TLS_ECDH_ECDSA_WITH_AES_256_CBC_SHA, TLS_ECDH_RSA_WITH_AES_256_CBC_SHA, TLS_ECDH_ECDSA_WITH_AES_128_CBC_SHA, TLS_ECDH_RSA_WITH_AES_128_CBC_SHA, TLS_RSA_WITH_AES_256_GCM_SHA384, TLS_RSA_WITH_AES_128_GCM_SHA256, TLS_RSA_WITH_AES_256_CBC_SHA256, TLS_RSA_WITH_AES_128_CBC_SHA256, TLS_RSA_WITH_AES_256_CBC_SHA, TLS_RSA_WITH_AES_128_CBC_SHA, TLS_EMPTY_RENEGOTIATION_INFO_SCSV]
13:37:17.828 [Test worker] DEBUG org.apache.hc.client5.http.ssl.SSLConnectionSocketFactory - Starting handshake
13:37:17.951 [Test worker] DEBUG org.apache.hc.client5.http.ssl.SSLConnectionSocketFactory - Secure session established
13:37:17.952 [Test worker] DEBUG org.apache.hc.client5.http.ssl.SSLConnectionSocketFactory -  negotiated protocol: TLSv1.3
13:37:17.952 [Test worker] DEBUG org.apache.hc.client5.http.ssl.SSLConnectionSocketFactory -  negotiated cipher suite: TLS_AES_256_GCM_SHA384
13:37:17.952 [Test worker] DEBUG org.apache.hc.client5.http.ssl.SSLConnectionSocketFactory -  peer principal: CN=*.storage.googleapis.com
13:37:17.952 [Test worker] DEBUG org.apache.hc.client5.http.ssl.SSLConnectionSocketFactory -  peer alternative names: [*.storage.googleapis.com, *.googleapis.com, commondatastorage.googleapis.com, *.commondatastorage.googleapis.com, storage.googleapis.com, storage-p2.googleapis.com, *.storage-p2.googleapis.com, storage.mtls.googleapis.com, *.appspot.com.storage.googleapis.com, *.content-storage.googleapis.com, *.content-storage-p2.googleapis.com, *.content-storage-upload.googleapis.com, *.content-storage-download.googleapis.com, *.storage-upload.googleapis.com, *.storage-download.googleapis.com]
13:37:17.952 [Test worker] DEBUG org.apache.hc.client5.http.ssl.SSLConnectionSocketFactory -  issuer principal: CN=GTS CA 1C3, O=Google Trust Services LLC, C=US
13:37:17.952 [Test worker] DEBUG org.apache.hc.client5.http.impl.io.DefaultHttpClientConnectionOperator - http-outgoing-1 connection established 192.168.1.8:61955<->142.250.78.91:443
13:37:17.953 [Test worker] DEBUG org.apache.hc.client5.http.impl.io.PoolingHttpClientConnectionManager - ep-0000000001 connected http-outgoing-1
13:37:17.953 [Test worker] DEBUG org.apache.hc.client5.http.impl.classic.InternalHttpClient - ep-0000000001 endpoint connected
13:37:17.953 [Test worker] DEBUG org.apache.hc.client5.http.impl.classic.MainClientExec - ex-0000000002 executing GET /LATEST_RELEASE_122 HTTP/1.1
13:37:17.953 [Test worker] DEBUG org.apache.hc.client5.http.impl.classic.InternalHttpClient - ep-0000000001 start execution ex-0000000002
13:37:17.953 [Test worker] DEBUG org.apache.hc.client5.http.impl.io.PoolingHttpClientConnectionManager - ep-0000000001 executing exchange ex-0000000002 over http-outgoing-1
13:37:17.953 [Test worker] DEBUG org.apache.hc.client5.http.headers - http-outgoing-1 >> GET /LATEST_RELEASE_122 HTTP/1.1
13:37:17.953 [Test worker] DEBUG org.apache.hc.client5.http.headers - http-outgoing-1 >> user-agent: Apache-HttpClient/5.0
13:37:17.953 [Test worker] DEBUG org.apache.hc.client5.http.headers - http-outgoing-1 >> accept-encoding: gzip, deflate, br
13:37:17.953 [Test worker] DEBUG org.apache.hc.client5.http.headers - http-outgoing-1 >> cache-control: max-age=0
13:37:17.953 [Test worker] DEBUG org.apache.hc.client5.http.headers - http-outgoing-1 >> connection: keep-alive
13:37:17.954 [Test worker] DEBUG org.apache.hc.client5.http.headers - http-outgoing-1 >> Host: chromedriver.storage.googleapis.com
13:37:17.954 [Test worker] DEBUG org.apache.hc.client5.http.wire - http-outgoing-1 >> "GET /LATEST_RELEASE_122 HTTP/1.1[\r][\n]"
13:37:17.954 [Test worker] DEBUG org.apache.hc.client5.http.wire - http-outgoing-1 >> "user-agent: Apache-HttpClient/5.0[\r][\n]"
13:37:17.954 [Test worker] DEBUG org.apache.hc.client5.http.wire - http-outgoing-1 >> "accept-encoding: gzip, deflate, br[\r][\n]"
13:37:17.954 [Test worker] DEBUG org.apache.hc.client5.http.wire - http-outgoing-1 >> "cache-control: max-age=0[\r][\n]"
13:37:17.954 [Test worker] DEBUG org.apache.hc.client5.http.wire - http-outgoing-1 >> "connection: keep-alive[\r][\n]"
13:37:17.954 [Test worker] DEBUG org.apache.hc.client5.http.wire - http-outgoing-1 >> "Host: chromedriver.storage.googleapis.com[\r][\n]"
13:37:17.954 [Test worker] DEBUG org.apache.hc.client5.http.wire - http-outgoing-1 >> "[\r][\n]"
13:37:18.106 [Test worker] DEBUG org.apache.hc.client5.http.wire - http-outgoing-1 << "HTTP/1.1 404 Not Found[\r][\n]"
13:37:18.106 [Test worker] DEBUG org.apache.hc.client5.http.wire - http-outgoing-1 << "X-GUploader-UploadID: ABPtcPqfn-HDG4D-W4daS9NApSvvAqKL6wq_EbKwydZnSKLPT0-gr-oyi95_S-VMPUME0RH92-bCehYGZQ[\r][\n]"
13:37:18.106 [Test worker] DEBUG org.apache.hc.client5.http.wire - http-outgoing-1 << "Content-Type: application/xml; charset=UTF-8[\r][\n]"
13:37:18.106 [Test worker] DEBUG org.apache.hc.client5.http.wire - http-outgoing-1 << "Content-Length: 193[\r][\n]"
13:37:18.106 [Test worker] DEBUG org.apache.hc.client5.http.wire - http-outgoing-1 << "Date: Fri, 01 Mar 2024 18:37:18 GMT[\r][\n]"
13:37:18.107 [Test worker] DEBUG org.apache.hc.client5.http.wire - http-outgoing-1 << "Expires: Fri, 01 Mar 2024 18:37:18 GMT[\r][\n]"
13:37:18.107 [Test worker] DEBUG org.apache.hc.client5.http.wire - http-outgoing-1 << "Cache-Control: private, max-age=0[\r][\n]"
13:37:18.107 [Test worker] DEBUG org.apache.hc.client5.http.wire - http-outgoing-1 << "Server: UploadServer[\r][\n]"
13:37:18.107 [Test worker] DEBUG org.apache.hc.client5.http.wire - http-outgoing-1 << "Alt-Svc: h3=":443"; ma=2592000,h3-29=":443"; ma=2592000[\r][\n]"
13:37:18.107 [Test worker] DEBUG org.apache.hc.client5.http.wire - http-outgoing-1 << "[\r][\n]"
13:37:18.108 [Test worker] DEBUG org.apache.hc.client5.http.wire - http-outgoing-1 << "<?xml version='1.0' encoding='UTF-8'?><Error><Code>NoSuchKey</Code><Message>The specified key does not exist.</Message><Details>No such object: chromedriver/LATEST_RELEASE_122</Details></Error>"
13:37:18.108 [Test worker] DEBUG org.apache.hc.client5.http.headers - http-outgoing-1 << HTTP/1.1 404 Not Found
13:37:18.109 [Test worker] DEBUG org.apache.hc.client5.http.headers - http-outgoing-1 << X-GUploader-UploadID: ABPtcPqfn-HDG4D-W4daS9NApSvvAqKL6wq_EbKwydZnSKLPT0-gr-oyi95_S-VMPUME0RH92-bCehYGZQ
13:37:18.109 [Test worker] DEBUG org.apache.hc.client5.http.headers - http-outgoing-1 << Content-Type: application/xml; charset=UTF-8
13:37:18.109 [Test worker] DEBUG org.apache.hc.client5.http.headers - http-outgoing-1 << Content-Length: 193
13:37:18.109 [Test worker] DEBUG org.apache.hc.client5.http.headers - http-outgoing-1 << Date: Fri, 01 Mar 2024 18:37:18 GMT
13:37:18.110 [Test worker] DEBUG org.apache.hc.client5.http.headers - http-outgoing-1 << Expires: Fri, 01 Mar 2024 18:37:18 GMT
13:37:18.110 [Test worker] DEBUG org.apache.hc.client5.http.headers - http-outgoing-1 << Cache-Control: private, max-age=0
13:37:18.110 [Test worker] DEBUG org.apache.hc.client5.http.headers - http-outgoing-1 << Server: UploadServer
13:37:18.110 [Test worker] DEBUG org.apache.hc.client5.http.headers - http-outgoing-1 << Alt-Svc: h3=":443"; ma=2592000,h3-29=":443"; ma=2592000
13:37:18.112 [Test worker] DEBUG org.apache.hc.client5.http.impl.classic.MainClientExec - ex-0000000002 connection can be kept alive for 3 MINUTES
13:37:18.116 [Test worker] ERROR io.github.bonigarcia.wdm.online.HttpClient - Error HTTP 404 executing https://chromedriver.storage.googleapis.com/LATEST_RELEASE_122
13:37:18.118 [Test worker] WARN io.github.bonigarcia.wdm.versions.VersionDetector - Exception reading https://chromedriver.storage.googleapis.com/LATEST_RELEASE_122 to get latest version of chromedriver (Error HTTP 404 executing https://chromedriver.storage.googleapis.com/LATEST_RELEASE_122)
13:37:18.120 [Test worker] DEBUG io.github.bonigarcia.wdm.versions.VersionDetector - Getting driver version for chrome122 from online versions.properties
13:37:18.124 [Test worker] DEBUG org.apache.hc.client5.http.impl.classic.InternalHttpClient - ex-0000000003 preparing request execution
13:37:18.125 [Test worker] DEBUG org.apache.hc.client5.http.protocol.RequestAddCookies - ex-0000000003 Cookie spec selected: strict
13:37:18.128 [Test worker] DEBUG org.apache.hc.client5.http.protocol.RequestAuthCache - ex-0000000003 Auth cache not set in the context
13:37:18.128 [Test worker] DEBUG org.apache.hc.client5.http.impl.classic.ProtocolExec - ex-0000000003 target auth state: UNCHALLENGED
13:37:18.128 [Test worker] DEBUG org.apache.hc.client5.http.impl.classic.ProtocolExec - ex-0000000003 proxy auth state: UNCHALLENGED
13:37:18.129 [Test worker] DEBUG org.apache.hc.client5.http.impl.classic.ConnectExec - ex-0000000003 acquiring connection with route {s}->https://raw.githubusercontent.com:443
13:37:18.129 [Test worker] DEBUG org.apache.hc.client5.http.impl.classic.InternalHttpClient - ex-0000000003 acquiring endpoint (3 MINUTES)
13:37:18.130 [Test worker] DEBUG org.apache.hc.client5.http.impl.io.PoolingHttpClientConnectionManager - ex-0000000003 endpoint lease request (3 MINUTES) [route: {s}->https://raw.githubusercontent.com:443][total available: 1; route allocated: 1 of 5; total allocated: 2 of 25]
13:37:18.131 [Test worker] DEBUG org.apache.hc.client5.http.impl.io.PoolingHttpClientConnectionManager - ex-0000000003 endpoint leased [route: {s}->https://raw.githubusercontent.com:443][total available: 0; route allocated: 1 of 5; total allocated: 2 of 25]
13:37:18.132 [Test worker] DEBUG org.apache.hc.client5.http.impl.io.PoolingHttpClientConnectionManager - ex-0000000003 acquired ep-0000000002
13:37:18.132 [Test worker] DEBUG org.apache.hc.client5.http.impl.classic.InternalHttpClient - ex-0000000003 acquired endpoint ep-0000000002
13:37:18.132 [Test worker] DEBUG org.apache.hc.client5.http.impl.classic.MainClientExec - ex-0000000003 executing GET /bonigarcia/webdrivermanager/master/src/main/resources/versions.properties HTTP/1.1
13:37:18.132 [Test worker] DEBUG org.apache.hc.client5.http.impl.classic.InternalHttpClient - ep-0000000002 start execution ex-0000000003
13:37:18.132 [Test worker] DEBUG org.apache.hc.client5.http.impl.io.PoolingHttpClientConnectionManager - ep-0000000002 executing exchange ex-0000000003 over http-outgoing-0
13:37:18.132 [Test worker] DEBUG org.apache.hc.client5.http.headers - http-outgoing-0 >> GET /bonigarcia/webdrivermanager/master/src/main/resources/versions.properties HTTP/1.1
13:37:18.132 [Test worker] DEBUG org.apache.hc.client5.http.headers - http-outgoing-0 >> user-agent: Apache-HttpClient/5.0
13:37:18.132 [Test worker] DEBUG org.apache.hc.client5.http.headers - http-outgoing-0 >> accept-encoding: gzip, deflate, br
13:37:18.133 [Test worker] DEBUG org.apache.hc.client5.http.headers - http-outgoing-0 >> cache-control: max-age=0
13:37:18.133 [Test worker] DEBUG org.apache.hc.client5.http.headers - http-outgoing-0 >> connection: keep-alive
13:37:18.133 [Test worker] DEBUG org.apache.hc.client5.http.headers - http-outgoing-0 >> Host: raw.githubusercontent.com
13:37:18.133 [Test worker] DEBUG org.apache.hc.client5.http.wire - http-outgoing-0 >> "GET /bonigarcia/webdrivermanager/master/src/main/resources/versions.properties HTTP/1.1[\r][\n]"
13:37:18.133 [Test worker] DEBUG org.apache.hc.client5.http.wire - http-outgoing-0 >> "user-agent: Apache-HttpClient/5.0[\r][\n]"
13:37:18.133 [Test worker] DEBUG org.apache.hc.client5.http.wire - http-outgoing-0 >> "accept-encoding: gzip, deflate, br[\r][\n]"
13:37:18.133 [Test worker] DEBUG org.apache.hc.client5.http.wire - http-outgoing-0 >> "cache-control: max-age=0[\r][\n]"
13:37:18.133 [Test worker] DEBUG org.apache.hc.client5.http.wire - http-outgoing-0 >> "connection: keep-alive[\r][\n]"
13:37:18.133 [Test worker] DEBUG org.apache.hc.client5.http.wire - http-outgoing-0 >> "Host: raw.githubusercontent.com[\r][\n]"
13:37:18.133 [Test worker] DEBUG org.apache.hc.client5.http.wire - http-outgoing-0 >> "[\r][\n]"
13:37:18.157 [Test worker] DEBUG org.apache.hc.client5.http.wire - http-outgoing-0 << "HTTP/1.1 200 OK[\r][\n]"
13:37:18.157 [Test worker] DEBUG org.apache.hc.client5.http.wire - http-outgoing-0 << "Connection: keep-alive[\r][\n]"
13:37:18.157 [Test worker] DEBUG org.apache.hc.client5.http.wire - http-outgoing-0 << "Content-Length: 2026[\r][\n]"
13:37:18.157 [Test worker] DEBUG org.apache.hc.client5.http.wire - http-outgoing-0 << "Cache-Control: max-age=300[\r][\n]"
13:37:18.157 [Test worker] DEBUG org.apache.hc.client5.http.wire - http-outgoing-0 << "Content-Security-Policy: default-src 'none'; style-src 'unsafe-inline'; sandbox[\r][\n]"
13:37:18.158 [Test worker] DEBUG org.apache.hc.client5.http.wire - http-outgoing-0 << "Content-Type: text/plain; charset=utf-8[\r][\n]"
13:37:18.158 [Test worker] DEBUG org.apache.hc.client5.http.wire - http-outgoing-0 << "ETag: W/"158b12be0d90e618af614dffeb94f06b915e7bb96fe9c2a07aa822ccf33242a6"[\r][\n]"
13:37:18.158 [Test worker] DEBUG org.apache.hc.client5.http.wire - http-outgoing-0 << "Strict-Transport-Security: max-age=31536000[\r][\n]"
13:37:18.158 [Test worker] DEBUG org.apache.hc.client5.http.wire - http-outgoing-0 << "X-Content-Type-Options: nosniff[\r][\n]"
13:37:18.158 [Test worker] DEBUG org.apache.hc.client5.http.wire - http-outgoing-0 << "X-Frame-Options: deny[\r][\n]"
13:37:18.158 [Test worker] DEBUG org.apache.hc.client5.http.wire - http-outgoing-0 << "X-XSS-Protection: 1; mode=block[\r][\n]"
13:37:18.158 [Test worker] DEBUG org.apache.hc.client5.http.wire - http-outgoing-0 << "X-GitHub-Request-Id: 2E12:032E:385FEC:480F1E:65E1CA44[\r][\n]"
13:37:18.158 [Test worker] DEBUG org.apache.hc.client5.http.wire - http-outgoing-0 << "Content-Encoding: gzip[\r][\n]"
13:37:18.158 [Test worker] DEBUG org.apache.hc.client5.http.wire - http-outgoing-0 << "Accept-Ranges: bytes[\r][\n]"
13:37:18.158 [Test worker] DEBUG org.apache.hc.client5.http.wire - http-outgoing-0 << "Date: Fri, 01 Mar 2024 18:37:18 GMT[\r][\n]"
13:37:18.158 [Test worker] DEBUG org.apache.hc.client5.http.wire - http-outgoing-0 << "Via: 1.1 varnish[\r][\n]"
13:37:18.158 [Test worker] DEBUG org.apache.hc.client5.http.wire - http-outgoing-0 << "X-Served-By: cache-bog2260038-BOG[\r][\n]"
13:37:18.158 [Test worker] DEBUG org.apache.hc.client5.http.wire - http-outgoing-0 << "X-Cache: HIT[\r][\n]"
13:37:18.158 [Test worker] DEBUG org.apache.hc.client5.http.wire - http-outgoing-0 << "X-Cache-Hits: 1[\r][\n]"
13:37:18.159 [Test worker] DEBUG org.apache.hc.client5.http.wire - http-outgoing-0 << "X-Timer: S1709318238.324241,VS0,VE1[\r][\n]"
13:37:18.159 [Test worker] DEBUG org.apache.hc.client5.http.wire - http-outgoing-0 << "Vary: Authorization,Accept-Encoding,Origin[\r][\n]"
13:37:18.159 [Test worker] DEBUG org.apache.hc.client5.http.wire - http-outgoing-0 << "Access-Control-Allow-Origin: *[\r][\n]"
13:37:18.159 [Test worker] DEBUG org.apache.hc.client5.http.wire - http-outgoing-0 << "Cross-Origin-Resource-Policy: cross-origin[\r][\n]"
13:37:18.159 [Test worker] DEBUG org.apache.hc.client5.http.wire - http-outgoing-0 << "X-Fastly-Request-ID: 4914922586102c26045c1bcc5bee674ffe47e3e1[\r][\n]"
13:37:18.159 [Test worker] DEBUG org.apache.hc.client5.http.wire - http-outgoing-0 << "Expires: Fri, 01 Mar 2024 18:42:18 GMT[\r][\n]"
13:37:18.159 [Test worker] DEBUG org.apache.hc.client5.http.wire - http-outgoing-0 << "Source-Age: 109[\r][\n]"
13:37:18.159 [Test worker] DEBUG org.apache.hc.client5.http.wire - http-outgoing-0 << "[\r][\n]"
13:37:18.160 [Test worker] DEBUG org.apache.hc.client5.http.headers - http-outgoing-0 << HTTP/1.1 200 OK
13:37:18.160 [Test worker] DEBUG org.apache.hc.client5.http.headers - http-outgoing-0 << Connection: keep-alive
13:37:18.160 [Test worker] DEBUG org.apache.hc.client5.http.headers - http-outgoing-0 << Content-Length: 2026
13:37:18.160 [Test worker] DEBUG org.apache.hc.client5.http.headers - http-outgoing-0 << Cache-Control: max-age=300
13:37:18.160 [Test worker] DEBUG org.apache.hc.client5.http.headers - http-outgoing-0 << Content-Security-Policy: default-src 'none'; style-src 'unsafe-inline'; sandbox
13:37:18.160 [Test worker] DEBUG org.apache.hc.client5.http.headers - http-outgoing-0 << Content-Type: text/plain; charset=utf-8
13:37:18.160 [Test worker] DEBUG org.apache.hc.client5.http.headers - http-outgoing-0 << ETag: W/"158b12be0d90e618af614dffeb94f06b915e7bb96fe9c2a07aa822ccf33242a6"
13:37:18.160 [Test worker] DEBUG org.apache.hc.client5.http.headers - http-outgoing-0 << Strict-Transport-Security: max-age=31536000
13:37:18.160 [Test worker] DEBUG org.apache.hc.client5.http.headers - http-outgoing-0 << X-Content-Type-Options: nosniff
13:37:18.160 [Test worker] DEBUG org.apache.hc.client5.http.headers - http-outgoing-0 << X-Frame-Options: deny
13:37:18.161 [Test worker] DEBUG org.apache.hc.client5.http.headers - http-outgoing-0 << X-XSS-Protection: 1; mode=block
13:37:18.161 [Test worker] DEBUG org.apache.hc.client5.http.headers - http-outgoing-0 << X-GitHub-Request-Id: 2E12:032E:385FEC:480F1E:65E1CA44
13:37:18.161 [Test worker] DEBUG org.apache.hc.client5.http.headers - http-outgoing-0 << Content-Encoding: gzip
13:37:18.161 [Test worker] DEBUG org.apache.hc.client5.http.headers - http-outgoing-0 << Accept-Ranges: bytes
13:37:18.162 [Test worker] DEBUG org.apache.hc.client5.http.headers - http-outgoing-0 << Date: Fri, 01 Mar 2024 18:37:18 GMT
13:37:18.162 [Test worker] DEBUG org.apache.hc.client5.http.headers - http-outgoing-0 << Via: 1.1 varnish
13:37:18.162 [Test worker] DEBUG org.apache.hc.client5.http.headers - http-outgoing-0 << X-Served-By: cache-bog2260038-BOG
13:37:18.162 [Test worker] DEBUG org.apache.hc.client5.http.headers - http-outgoing-0 << X-Cache: HIT
13:37:18.162 [Test worker] DEBUG org.apache.hc.client5.http.headers - http-outgoing-0 << X-Cache-Hits: 1
13:37:18.162 [Test worker] DEBUG org.apache.hc.client5.http.headers - http-outgoing-0 << X-Timer: S1709318238.324241,VS0,VE1
13:37:18.162 [Test worker] DEBUG org.apache.hc.client5.http.headers - http-outgoing-0 << Vary: Authorization,Accept-Encoding,Origin
13:37:18.162 [Test worker] DEBUG org.apache.hc.client5.http.headers - http-outgoing-0 << Access-Control-Allow-Origin: *
13:37:18.162 [Test worker] DEBUG org.apache.hc.client5.http.headers - http-outgoing-0 << Cross-Origin-Resource-Policy: cross-origin
13:37:18.162 [Test worker] DEBUG org.apache.hc.client5.http.headers - http-outgoing-0 << X-Fastly-Request-ID: 4914922586102c26045c1bcc5bee674ffe47e3e1
13:37:18.162 [Test worker] DEBUG org.apache.hc.client5.http.headers - http-outgoing-0 << Expires: Fri, 01 Mar 2024 18:42:18 GMT
13:37:18.162 [Test worker] DEBUG org.apache.hc.client5.http.headers - http-outgoing-0 << Source-Age: 109
13:37:18.163 [Test worker] DEBUG org.apache.hc.client5.http.impl.classic.MainClientExec - ex-0000000003 connection can be kept alive for 3 MINUTES
13:37:18.164 [Test worker] DEBUG org.apache.hc.client5.http.wire - http-outgoing-0 << "[0x1f][0xffffff8b][0x8][0x0][0x0][0x0][0x0][0x0][0x0][0x3][0xffffff9d][0xffffff97]M[0xffffff8f][0xfffffff3][0xffffffb6][0x11][0xffffffc7][0xffffffef][0xfffffffb])[0x4][0xffffffe4][0xffffff92][0xffffffa0][0xffffffb1][0xffffffcc][0xfffffff7][0xffffff97][0x5]th[0xffffffd3]6[0xffffffcd]!)[0xffffff9a][0x4][0xffffffc8]Ykk[0xffffffbd][0xffffffca]cK[0xffffff86][0xffffffa4][0xffffffcd][0xffffffa6][0xfffffff9][0xfffffff4][0xffffff99]!9[0x12]M[0x5]E[0xffffffd0][0xffffffc3]b[0xffffffcd][0xffffff9f]e[0xffffffce][0xb]G[0xffffffc3][0xffffffff]|V[0xfffffffd][0xfffffff8][0xffffffd6][0xffffffcf][0xffffffd5]k[0x7f][0xffffffed][0xffffffaa][0xffffffd3]8,m?[0xffffffcc][0xffffffd5][0xfffffff2][0xffffffd6]U[0xffffff9f][0xffffff86][0xfffffff1]c[0xffffffa8][0xffffffce]S[0xffffffff]K7U[0xfffffff0]7[0xfffffff7]#|s[0x1a]o[0xfffffff7]v[0xffffffe9]_[0xffffffe0][0xffffffe9][0xffffff8f]~y[0xb]O[0xffffff9e][0xffffffc6]i[0xffffffea][0xffffffe6][0xfffffffb]8[0xffffff9c][0xfffffffb][0xffffffe1]R[0xffffffbd]L[0xffffffe3][0xffffffc7][0xffffffbc][0xfffffffd][0xffffffe4][0xffffffe9][0xffffffe9][0xffffffb3][0xffffffea][0xffffffa7][0xffffffbf]~[0xffffffff][0xffffffdd]7[0xffffffdf]}[0xfffffffd][0x1c]M[0xfffffff5][0xffffffc3][0xffffffeb]X[0xfffffff5]q[0xffffffab]k[0xffffffb7]t[0xffffffd7][0xffffffff]V[0xffffffe7][0xffffffee]>u[0xffffffa7]v[0xffffffe9][0xffffffce]U;W[0xffffffe3]k[0xfffffff5]S[0xfffffff7][0xfffffff2][0xfffffff7]`[0xfffffff9][0xffffffdb]vh/[0xffffffb0][0xffffff9b][0xffffffae]m[0xffffffcd][0xffffffea][0xffffffea][0xffffff9b]a^[0xffffffba][0xfffffff6][0xfffffffc][0xffffffe5][0xfffffffe][0xffffff81][0xfffffff7][0xffffffb9][0xffffff83]_[0xe][0xffffffd7]~[0xffffffe8][0xffffffaa][[0xffffffb7][0xffffffb4][0xffffffe7]vi[0xffffffab]e[0xffffffac][0xffffffce][0xfffffffd]|[0x1a]1[0x4][0xfffffff4][0xfffffff4]>[0xffffff8d]w[0xfffffff8]X[0x6][0xfffffff5]:N[0xffffffd5][0x5][0xffffffd0]P[0xffffffdd][0xffffffda][0xffffff9f][0xffffffe1]s[0x11][0xffffffc2][0xfffffffc]e5[0xffffffb4]7[0xfffffff0][0xfffffff3][0x19]b9T_[0xffffffbd]M[0xffffffe3][0xffffffad]{[0xffffffae][0xffffffbe]z[0xfffffffd][0xffffffb1][0xffffffea][0xffffff86][0xfffffff3]}[0xffffffec][0xffffff87]e[0xffffffae]>[0x7f][[0xffffff96][0xfffffffb][0xfffffffc]|<^[0xffffffc6][0xfffffff1]r[0xffffffed]N[0xffffffe1][0xffffffa1]k[0xfffffffb]2[0xffffffd7][0x17][0xffffffc8][0xffffffd3][0xfffffffb]K[0xffffffdd][0xffffff8f][0xffffffc7][0x8][0xf]`[0xffffffee][0xffffffb0]t[0xfffffff3][0x2][0xffffffd9]:[0xffffff86],[0x1f][0xffffffe0]7[0xffffffe7][0x3]Y;`b[0xf]g[0xffffffe0][0xffffffd7][0xffffffb1]=[0xffffffcf][0xfffffff5][0xffffffcf][0xfffffff3]8T[0xffffffed]p[0xffffffae][0xfffffffe]?[0xb][0xffffffd7]v^[0xe][0x7f][0xffffffd2][0xffffffcc][0x17]![0xffffffc0][0x7f][0xfffffff6]S[0xfffffff7]:[0xfffffffe][0xfffffffa][0xffffffbc][0x1a][0xffffff9c][0xffffffda][0xffffff8f]d[0x3][0xffffffb2]<a[0xffffff95]t[0xffffffc3]R[0xffffffc3][0xfffffff9][0x1d][0x7f][0xffffffe8][0xffffffae][0xffffffdd][0xffffffd0][0xffffffbf][0xffffffdf][0xfffffffe][0xfffffff5][0xffffff9f][0xffffffe3][0xffffff9c]>[0x1e][0xffffff97][0xffffffe9]}[0xfffffff8]t[0xffffff84]oo[0xffffffe3]p[0xffffffbc]t[0xffffffa7]Oc[0xffffffcc]w[0xfffffffe][0xfffffff9]0[0xffffffbf][0xffffffdf][0xffffffef][0xffffffe3][0xffffffb4][0x4][0xffffffab][0xffffffc1][0xffffffe8]?[0xffffffce][0xffffff97]n[0xffffffb3]x[0xffffff9b];X[0xffffffc7]g[0xffffffeb][0xfffffff6][0xffffffb7][0xfffffff7][0xffffffa9][0xffffffc3]u=t[0xffffffcb]1<[0xfffffffd]o8[0xffffffc6][0xfffffff6][0xffffffcf]8[0xfffffff8]2[0xe][0xfffffffd][0xffffffa5][0xffffff9d]N}{[0xfffffffc][0xffffffe8]^[0xffffffe2][0xffffff86][0xffffffb7]X2[0xffffffc7][0x1b]d[0x6][0xfffffffe][0xffffff9d][0xffffffc7][0xffffffd3]|[0xffffffbc][0xfffffff5][0xffffffd3]4NG,[0xffffff8f]6[0xffffff95][0xffffffc7][0xffffffe7][0xffffffb1][0x18]r[0xffffff94]rW5[0xffffffa9]P[0xffffff82][0x1b]+[0xfffffffd]K[0xffffffc5][0xffffffd5][0x17]X[0xffffffef][0x7f][0xffffff8b][0xfffffff5][0xfffffff3]\}[0x1d]N*UL8[0xffffffc3][0xfffffff0][0x11][0xffffffb2][0x4]1[0xffffffc4][0xfffffffa]}[0xffffffae][0xffffffe2][0xffffff99]E[0xb][0xfffffff0][0xffffffe3][0x1f][0xffffffc6][0xfffffff7][0xffffffe9][0xffffff94]R[0x1][0xffffffa1][0xffffffe5][0xffffffdf][0xffffffd6][0xffffffa7][0xfffffff4][0xffffffeb]z[0xffffff9c].[0xffffffc7][0xfffffff5][0xffffffe8][0xffffff9e][0xffffffe2]3[0xffffff9c][0xffffffab][0x6][0xfffffffe][0xffffffe0]5[0xffffffd1]V[0xffffffea][0xffffffda][0xffffffb3][0xffffff95]K[0xffffffe0][0x12][0xffffffb9][0xffffffb1][0xffffffa2]6r[0xffffffe5][0x2][0xffffffb8][0x8][0xffffff9c][0xffffffeb]Z[0xfffffff9][0xffffff95]s[0xffffffe0][0x1c][0xffffffb9]6[0xffffffb2]6j[0xffffffe5][0xc]8C[0xffffffae][0x1c][0xffffffaf][0xffffffad]%[0xffffffce]|[0x3][0x7f][0xffffff81][0xffffff83]y[0xffffffbb]>[0xffffffcf][0x1c]p[0xffffff87]\j_[[0xffffffbe]r[0xb][0xffffffdc][0x6][0xffffffce]Tm[0xffffffc4][0xffffffca][\r]p[0xffffff83]\(_[0xffffff9b][0xffffffed]y[\r]\#[0xffffffe7]^[0xffffffc3][0xffffff97]+[0xffffff87]xY[0xffffff88][0x17][0xffffffc3][0xffffffb0][0xffffffab][0xffffffff][0xc][0xffffffe2]e!^fX[0xffffffcd][0xffffffe5][0xffffffe6][0x10][0x4][0xffffffcc]B[0xffffffc0][0xc][0xfffffff6][0xffffffcb][0xc]@[0xffffffc0][0xc][0x3]V^[0xfffffff3]Zm[0x1c][0x2]f[0x18][0xffffffb0]r[0xffffffde][0xffffffd4][0xffffff86][0x12][0xffffffea]}[0xffffffe3]}[0xffffffa0]J[0xffffff81]m[0xffffffa2][0xffffffae][0xfffffff1][0x18][0xffffffac][0xffffffb2][0xffffffda][0xffffffd5]`[0xffffff86][0xffffffb0]m<[0xffffffc6][0xffffffaa][0xffffff8c][0x17][[0xe][0xffffffbc]i[0xffffffbc][0x9][0xffffffd4][0xffffffa8]Zi[0xffffffa2][0xffffffba][0xfffffff1]:P[0xffffffe9]jC[0xfffffff1]x[0xffffffd5]x[0x15]($[0x7][0xe][0xffffff92][0xffffffb0]l<[0x6][0xffffffa9][0xffffffb4][0xffffffb5][0xffffffdb][0xffffffa1]z[0xffffffd1]x[0x11]([0x1c])d[0xffffff99]0o|[0x8]PA[0x5]@[0xffffffac][0xffffff84]Y[0xffffffe3]C|J[0xffffffb2]ZP[0xffffff9e][0xffffff9c]o\[0xffffff88]O[0xffffffc2]?A;;[0xffffffd7][0xffffffb8][0x10][0xffffff9f][0x14][0xffffffaa][0xfffffff6][0xffffff86][0xffffffa8]m\[0x8]O8V;G[0xffffffd4]4.[0xffffff84]'[0x14][0xffffffec]K[0xffffffa9]p[0xffffffba]q!<[0xffffffee]d[0xffffffed][0xffffffc8]5[0xffffffa7][0x1a][0x17][0xffffffc2][0xffffffe3][0xffffffca][0xffffffd6][0xffffff92]r[0xffffffec]d[0xffffffe3]Btx[0xffffff92][0xffffff92]R[0xffffffe1]x[0xffffffe3]B[0x18][0xc]2[0xffffffcf][0xffffffe5]j[0xffffff8e]5[0xe][0xffffffc3][0xffffff90][0x1e]|[0xffffff81][0x12]J[0xffffffd8][0xfffffffa][0xffffffc6][0xfffffffa][0xffffff80][0xffffff95][0xffffffae][0xffffffe5]J]c][0xffffffa0]P;PW[0xffffff84]mc1[0x10][0xffffffe9][0xc][0xffffffbc][0xb][0xffffffe4][0xffffff86]5[0xffffff8d]5[0xffffff81]B[0xffffff81]s[0xffffffb1][0xffffffee][0xffffffa1][0x1b][0xffffff8b][0xffffff91]Hk[0xffffffa1][0xffffffc0][0xffffffb6][0xffffffa7]UcU[0xffffffc0][0x2][0xffffffea][0xffffff97][0xffffffa0]l,F"[\r][0x4]d[0xffffffc8]e+[0x1a][0x1]'J+[0xfffffffe][0xffffffb0]b[0xffffffb8]"[0xffffffc7][0xffffff8c][0xffffffc7][0x15][0xffffff9d][0xffffff8d]q[0xffffffb8][0xffffffa2][0xffffff8c][0x1a][0xffffff8b]+:McpE[0xffffffce][0x18][\r][0xffffffab]5EF[0xffffffe1][0xffffff8a]rn$[0xffffffae][0xffffffc8][0xffffff9e]A_[0xffffffe4]j[0xf]}Y[0xffffffdf][0x19][0xffffff83][0xffffffbe]H[0xfffffff9][0xffffffd0][0xffffffd5][0xffffffbe][0x1d][0x7f][0xffffffeb][0xffffffaf][0xffffffd7][0xffffff96][0xffffffee][0xffffff89][0xffffffac][0xffffff95]e[0x1d][0xffffffbe][0xffffffe8]d[0xffffffe1][0xffffffde][0xffffff8a][0xffffffd7][0x14][0xffffffb6][0xffffffe5][[0xffffffdc][0xffffffe2][0xffffffe1]z[0xffffff98][0xffffffe0][0x2]i[0xffffffe1][0x16][0x7f]z[0xffffff8d][0xfffffffb]r![0x1a]H[0x1b]$t#|G[0x18][0x12][0xffffff99][0x11][0xffffffee]w[0xffffffc4][0xffffffed][0xffffff88][0xffffffdd][0x11][0xffffffb3]#zG[0xffffffd4][0xffffff8e][0xffffffc8][0x1d][0x11];[0xffffffc2]w$[0xfffffff8],j[0xffffffb1][0x12][0xffffffe6]#[0xffffffd9][0xffffff9e]anG[0xffffffec][0xffffff8e][0xffffff98][0x1d][0xffffffd1];[0x12]|[0xffffffe6]9[0xffffff91];"v[0xffffff84][0xffffffef][0x8]+[0xffffff88][0xfffffff7]%p%[0xffffffb0]%0%[0xffffffd0]%([0xffffffbd][0xfffffff5][0xffffffa5][0xffffffb3][0xffffffbe][0xfffffff4][0xffffffd5][0xffffff97][0xffffffae]z[0xfffffff4][0x14][0xffffffde][0xffffffbf][0xc][0xffffffd4][0xffffffa0][\n]"
13:37:18.164 [Test worker] DEBUG org.apache.hc.client5.http.wire - http-outgoing-0 << "[0xffffffdf][0x7f][0xffffff8d][0xffffff98][0x13]v[0xffffffbe]x[0xffffffce][0xffffffb9][0x12][0xffffffd8][0x12][0xffffff98][0x12][0xffffffe8][0x12][0xffffffa8][0x12]`[0x0][0xffffffc2]e@[0xffffff94][0x0][0x3][0x10]6[0x3][0xffffffac][0x0][0xffffffd6][0xffffff97] xj2`K`J[0xffffffa0]K[0xffffffa0]J K J[0xffffffc0]K[0xffffffc0][\n]"
13:37:18.164 [Test worker] DEBUG org.apache.hc.client5.http.wire - http-outgoing-0 << "`|[0x9][0xffffff82][0xffffffa7]:[0x3][0xffffffc1][0xffffffd3][0xffffffec][\r]6[0xffffffa6][0x4][0xffffffba][0x4][0xffffffc1][0xffffffd3][0xffffffec][0x5]2[0xffffffb2][0x4][0xffffffc1][0xffffffd3][0xffffffac][0xffffffec]M[0xfffffff0]4+[\n]"
13:37:18.165 [Test worker] DEBUG org.apache.hc.client5.http.wire - http-outgoing-0 << "[0xffffffc3][\n]"
13:37:18.165 [Test worker] DEBUG org.apache.hc.client5.http.wire - http-outgoing-0 << "[0xffffffa0]}[0x9]\[0x9]l[0x9][0xffffff82][0xffffffa7],[0x3][0xffffff9a]@[0xffffffde][0x1d][0xffffffa3]&[0xffffffdc]zb[0xffffffa6][0x1f][0xffffffff]wO[0xc][0xf][0xffffffce][0xffffffe3][0xffffffeb][0xfffffff2][0xffffffd1]N]\[0xffffff91][0xffffffde]+;d[0xfffffff8]2[0xffffffe8](t[0x10][0xffffff94][0xffffff8c][0xffffffb1][0xffffffe1][0x1a]J[0x1c]t[0x14][0xffffffba][0x5][0xffffff8a][0x5]t[0xffffff8a]`+[0x7][0x1d][0xffffffc5]}[0xffffffe0]p!r[0xffffffb8][0xffffffef][0x13]G[0xffffffdd][0x18]t[0xffffff9a][0x7]E[0xffffffe1]<a[0xffffff94][0xffffff8d]A[0xffffffa6]y[0xffffff90]#\[\n]"
13:37:18.165 [Test worker] DEBUG org.apache.hc.client5.http.wire - http-outgoing-0 << "[0xffffffe2]([0x1b][0xffffff83]Ls[0xffffffb0][0xffffff8d][0xffffffb7][0xffffff84]Q5[0x6][0xffffff95]f[0xffffffe1][0xffffff8d][0xffffffe3] u[0x12]g[0xffffffb9]*[0xffffff85][0xffffffe6][0x17]9[0xfffffff4][0xffffff8f]L[0xffffff94]r[0xffffff91][0xffffffb6][0xffffff81].[0xffffff92]iRG[0xffffffd4]>(R[0xffffff9d][0xffffffa8][0xffffffc9][0xfffffff5]([0xffffffa7]8[0xffffffbd][0xffffffce][0xffffffe5](d"a[0xffffff95][0xffffffab]Q[0xffffff9f][0xffffffa2][0xfffffff4]"
13:37:18.166 [Test worker] DEBUG org.apache.hc.client5.http.wire - http-outgoing-0 << "2[0xffffffd7][0xffffffa2] `"[0x15][0xffffffb9][0x12][0xffffff85][0xffffffa4]%[0xffffffcc]s![0xffffff8a][0x1a]/b[0xffffff96][0xffffffeb]P[0xffffff97][0x2]w>W[0xffffffa1][0xffffffc6]$[0xffffffea][\n]"
13:37:18.166 [Test worker] DEBUG org.apache.hc.client5.http.wire - http-outgoing-0 << "[0x9][0x1a][0xffffffa9][0xffffffcd][0x5][0xffffffa8]I[0x7][0xffffffe3]L.?[0xffffffd7][0x14]A[0xffffffd3]y[0xffffff90][0xffffff9f][0x11][0xffffffaa]L}[0xffffffba][0xffffffe4][0x18]4[0xffffff9f][0x7][0xffffffed][0x19][0xffffffa1]x[0xffffff94][0xffffff9e][0x11][0xfffffff2]Lyj[0xffffffb2][0xffffffcf]2[0xffffffe1]I[0xffffffae]B3z[0xffffff90][0xffffff9d][0x11][0xffffffba]BuFj3[0xffffffd1]i[0x9][0xffffff9a]Lr[0xffffffba]d[0x1e][0xffffffba][0xffffffd3][0xffffffa6]8[0xffffffc9]{[0xffffffe8]P[0xffffff9b][0xffffffe0][0xffffff84][0x4]'*3[0xffffffc1]ihS[0xffffff91][0xffffffe9]M[0xffffff97][0xe][0x1c][0xffffffda][0xffffffd5]&7[0xffffffd7][0xffffffc3][0xffffff82][0xffffff9e][0xffffffb5][0xffffffc9]M[0xffffffaa]u[0xffffffe8][[0xffffff9b][0xffffffda][0xffffffa4][0xffffff8a][0xffffff86][0xffffffde][0xffffff95][0xffffff89]M[0xffffff9e]B[0xffffff85][0x6][0xffffff96]k[0xffffffcd]d[0xb][0xffffffba][0xffffffd8]&5-[0xffffffed][0xffffffaa]3[0xffffffa5]I[0xffffffa5][0xc][0xffffffdd]l[0xffffffd3][0xffffff99]kqBK[0xffffffcb]t&[0xffffffbd]j[0xffffffd0][0xffffffd7]2[0xffffff99][0xffffffb9][0xffffffda]J[0xfffffff2]0,[0xffffffb4][0xffffffcf][0x17]I[0x1c][0xffffffc6]E[0xffffffd2][0xffffff86]q[0xffffff91][0xffffffa4]a\$e[0x18][0x17]I[0x18][0xffffffc6]E[0xffffffd2][0xffffff85]q[0xffffff91]da\[0xfffffff0][0xffffffa8][0x3][0xffffffe3][0xffffff82]e[0xb][0xffffff85][0x1e][0xffffff90][0xffffffc7][\n]"
13:37:18.166 [Test worker] DEBUG org.apache.hc.client5.http.wire - http-outgoing-0 << "=[0xffffff90][0xffffffc9][0xffffff8e]B[0xf]DJ[0xffffff86]2q[0xfffffff1] $[0xfffffffb][0xffffffd3]4b[0xffffffc7][0xb][0xffffffd3][0x7f][0xffffffd6]3[0xfffffff3][0xfffffff1][0xffffffff][0xf][0xffffff9a][0xffffffe6][0xffffffb9][0xfffffffb][0xffffffa5][0xffffffbb][0xffffffe2][0xffffffae][0xfffffff5][0xffffff8d]v[0x8][0x1d][0xffffffb4][0x1b][0xe][0xffffffef]8[0xffffffca]'v[0xffffffc0]M[0xffffff8e][0xffffffcb]8^[0xffffffe7]m[0xfffffff8]?>![0xffffffdd]fe[0xffffffee][0xffffffe0]&[0xffffffe1].Q[0xffffff9a][0xffffff94][0xffffffb9][0x5]![0xf][0xffffff99][0xffffff8c][0xffffff94][0xffffffe6]dnE([0xffffffe4]HiJ[0xffffffe6][0xffffffc6]p[0xffffff9c]b#[0xffffffa5][0x19][0xffffff99]k[0xffffffa8][0xf][0xffffffc8]^[0xffffffa0][0xffffffeb][0xffffff84][0xffffffcc]54Z[0xffffff9b][0xffffffac][0xffffffad][0xfffffff3]1W[0x6][0xfffffff6]5[0xffffff89][0xffffffd2]t[0xc][\r][0x1d][0xffffffef][0xfffffffc][0x8]i4[0xffffffe6][0xffffffd2][0xffffffe2][\r][0xffffff9b]([\r][0xffffffc6]0[0xffffffe3]J[0xffffffe8]`[0xffffff89][0xffffffd2]X[0xffffffcc][0x5][0xffffffbc][0xffffffa9][0xffffff96]v[0xffffffa0][0xffffffa1][0x18][0xffffffa6][0x18][0xffffffb5][0x6][0xffffffb1]N[0xffffffc4]p[0x1b]h[0xffffff9c]2"[0xffffffa5]y[0x18][0xffffffae][0x17][0xffffffb6][0xffffffed]K[0xffffffd3]0\[0x16][0x1a]g2[0xffffffa4]4[0xb]C[0xffffffeb][0xffffffc7]F[0x11]Y[0xffffff9a][0xffffff84]9F[0xffffff97][0x12]Cc0[0xffffff84]&V[0xffffff96][0xffffff86]`[0xffffff88]A[0xffffffad],[0xffffff8d][0xffffffc0][0xffffffe0][0xffffffd5]j[0xffffff99][0x6]`[0xf]=F[0xfffffff2][0xffffff88][0xffffffd2][0xfffffff0][0xffffffeb]![0xfffffff5]2=[0xffffff95]&_[0xffffffcf]6[0x3]i[0xffffffea]u[0xffffffd8][0xffffffe9][0xffffffd2][0xf][0xffffffd3][0xffffffc4][0xffffffeb] [0xffffffb0]Hh[0xffffffda][0xffffffc5][0x13][0xffffff8f][0x7]C[0xffffff93][0xffffffae][0xffffff85][0xffffffdc][0xffffffa6][0xffffff9f][0xffffffd1][0xffffff98]k[0xffffff8c]OGB#[0xffffffae][0xffffff81][0xffffff92]01[0x17]4[0xffffffdf]jLpz*[\r][0xffffffb7]:[0x8][0xffffff9a]@h[0xffffffb0][0xffffff85][0xffffffd6][0xffffffa0][0xffffff93]=[0xffffffe8]^[0xffffffb1]{z[0xfffffff2][0xffffff89][0xffffffe6]\[0xffffffb8]g[0xffffffd3]Q[0xffffffad]3.D[0xc]u[0x17][0xffffffd8]:[0xffffffe0]b[0xffffffcd]F[0xffffff92][0xffffff86][a[0xffffffa9]th[0xffffffae][0x15]r%i[0xffffffa6][0xffffffc5][0xffffffb6][0xffffff98]H[0x1a]g[0xffffffb9]D[0xffffffb9][0x10][0xffffff90]R[0xffffffcd]}[0xffffffea][0xe][0xfffffffd]0/[0xffffffed][0xfffffff5][0xffffffda][0xffffff9d]#[0x14][0xffffff8d][0xffffffc1][0xffffff9b]][0xffffffc6]:Q[0xffffffbc][0xffffff81][0x16]f[0xffffff84][0xffffff8f][0xffffffe1]+[0xffffffd6]@[0xffffff9f][0xffffff84][0xffffffdb].[0xffffff9e][0xffffff87]t[\r][0xffffffbc]XJ[0xfffffffa][0xffffffb8][0x14][0xffffffd8]t[0xffffffe0][0xffffffa4]][0xffffffac][0x11][0xffffff98][0xffffffdb][0xfffffff0][0xffffffca][0xffffff86]~[0xfffffffd][0xfffffff4];2[0x18][0xfffffffe][0xffffff94][0xffffff82][0x16][0x0][0x0]"
13:37:18.167 [Test worker] DEBUG org.apache.hc.client5.http.impl.classic.InternalHttpClient - ep-0000000002 releasing valid endpoint
13:37:18.167 [Test worker] DEBUG org.apache.hc.client5.http.impl.io.PoolingHttpClientConnectionManager - ep-0000000002 releasing endpoint
13:37:18.167 [Test worker] DEBUG org.apache.hc.client5.http.impl.io.PoolingHttpClientConnectionManager - ep-0000000002 connection http-outgoing-0 can be kept alive for 3 MINUTES
13:37:18.168 [Test worker] DEBUG org.apache.hc.client5.http.impl.io.PoolingHttpClientConnectionManager - ep-0000000002 connection released [route: {s}->https://raw.githubusercontent.com:443][total available: 1; route allocated: 1 of 5; total allocated: 2 of 25]
13:37:18.168 [Test worker] DEBUG io.github.bonigarcia.wdm.versions.VersionDetector - Driver for chrome122 not found in online properties (using local versions.properties)
13:37:18.171 [Test worker] DEBUG io.github.bonigarcia.wdm.WebDriverManager - The driver version for CHROME 122 is unknown ... trying with latest
13:37:18.180 [Test worker] DEBUG org.apache.hc.client5.http.impl.classic.InternalHttpClient - ex-0000000004 preparing request execution
13:37:18.181 [Test worker] DEBUG org.apache.hc.client5.http.protocol.RequestAddCookies - ex-0000000004 Cookie spec selected: strict
13:37:18.181 [Test worker] DEBUG org.apache.hc.client5.http.protocol.RequestAuthCache - ex-0000000004 Auth cache not set in the context
13:37:18.181 [Test worker] DEBUG org.apache.hc.client5.http.impl.classic.ProtocolExec - ex-0000000004 target auth state: UNCHALLENGED
13:37:18.181 [Test worker] DEBUG org.apache.hc.client5.http.impl.classic.ProtocolExec - ex-0000000004 proxy auth state: UNCHALLENGED
13:37:18.181 [Test worker] DEBUG org.apache.hc.client5.http.impl.classic.ConnectExec - ex-0000000004 acquiring connection with route {s}->https://chromedriver.storage.googleapis.com:443
13:37:18.181 [Test worker] DEBUG org.apache.hc.client5.http.impl.classic.InternalHttpClient - ex-0000000004 acquiring endpoint (3 MINUTES)
13:37:18.182 [Test worker] DEBUG org.apache.hc.client5.http.impl.io.PoolingHttpClientConnectionManager - ex-0000000004 endpoint lease request (3 MINUTES) [route: {s}->https://chromedriver.storage.googleapis.com:443][total available: 1; route allocated: 1 of 5; total allocated: 2 of 25]
13:37:18.182 [Test worker] DEBUG org.apache.hc.client5.http.impl.io.PoolingHttpClientConnectionManager - ex-0000000004 endpoint leased [route: {s}->https://chromedriver.storage.googleapis.com:443][total available: 1; route allocated: 2 of 5; total allocated: 3 of 25]
13:37:18.182 [Test worker] DEBUG org.apache.hc.client5.http.impl.io.PoolingHttpClientConnectionManager - ex-0000000004 acquired ep-0000000003
13:37:18.182 [Test worker] DEBUG org.apache.hc.client5.http.impl.classic.InternalHttpClient - ex-0000000004 acquired endpoint ep-0000000003
13:37:18.182 [Test worker] DEBUG org.apache.hc.client5.http.impl.classic.ConnectExec - ex-0000000004 opening connection {s}->https://chromedriver.storage.googleapis.com:443
13:37:18.182 [Test worker] DEBUG org.apache.hc.client5.http.impl.classic.InternalHttpClient - ep-0000000003 connecting endpoint (30 SECONDS)
13:37:18.183 [Test worker] DEBUG org.apache.hc.client5.http.impl.io.PoolingHttpClientConnectionManager - ep-0000000003 connecting endpoint to https://chromedriver.storage.googleapis.com:443 (30 SECONDS)
13:37:18.183 [Test worker] DEBUG org.apache.hc.client5.http.impl.io.DefaultHttpClientConnectionOperator - http-outgoing-2 connecting to chromedriver.storage.googleapis.com/142.250.78.91:443
13:37:18.183 [Test worker] DEBUG org.apache.hc.client5.http.ssl.SSLConnectionSocketFactory - Connecting socket to chromedriver.storage.googleapis.com/142.250.78.91:443 with timeout 30 SECONDS
13:37:18.218 [Test worker] DEBUG org.apache.hc.client5.http.ssl.SSLConnectionSocketFactory - Enabled protocols: [TLSv1.3, TLSv1.2]
13:37:18.218 [Test worker] DEBUG org.apache.hc.client5.http.ssl.SSLConnectionSocketFactory - Enabled cipher suites: [TLS_AES_256_GCM_SHA384, TLS_AES_128_GCM_SHA256, TLS_CHACHA20_POLY1305_SHA256, TLS_ECDHE_ECDSA_WITH_AES_256_GCM_SHA384, TLS_ECDHE_ECDSA_WITH_AES_128_GCM_SHA256, TLS_ECDHE_ECDSA_WITH_CHACHA20_POLY1305_SHA256, TLS_ECDHE_RSA_WITH_AES_256_GCM_SHA384, TLS_ECDHE_RSA_WITH_CHACHA20_POLY1305_SHA256, TLS_ECDHE_RSA_WITH_AES_128_GCM_SHA256, TLS_DHE_RSA_WITH_AES_256_GCM_SHA384, TLS_DHE_RSA_WITH_CHACHA20_POLY1305_SHA256, TLS_DHE_DSS_WITH_AES_256_GCM_SHA384, TLS_DHE_RSA_WITH_AES_128_GCM_SHA256, TLS_DHE_DSS_WITH_AES_128_GCM_SHA256, TLS_ECDHE_ECDSA_WITH_AES_256_CBC_SHA384, TLS_ECDHE_RSA_WITH_AES_256_CBC_SHA384, TLS_ECDHE_ECDSA_WITH_AES_128_CBC_SHA256, TLS_ECDHE_RSA_WITH_AES_128_CBC_SHA256, TLS_DHE_RSA_WITH_AES_256_CBC_SHA256, TLS_DHE_DSS_WITH_AES_256_CBC_SHA256, TLS_DHE_RSA_WITH_AES_128_CBC_SHA256, TLS_DHE_DSS_WITH_AES_128_CBC_SHA256, TLS_ECDH_ECDSA_WITH_AES_256_GCM_SHA384, TLS_ECDH_RSA_WITH_AES_256_GCM_SHA384, TLS_ECDH_ECDSA_WITH_AES_128_GCM_SHA256, TLS_ECDH_RSA_WITH_AES_128_GCM_SHA256, TLS_ECDH_ECDSA_WITH_AES_256_CBC_SHA384, TLS_ECDH_RSA_WITH_AES_256_CBC_SHA384, TLS_ECDH_ECDSA_WITH_AES_128_CBC_SHA256, TLS_ECDH_RSA_WITH_AES_128_CBC_SHA256, TLS_ECDHE_ECDSA_WITH_AES_256_CBC_SHA, TLS_ECDHE_RSA_WITH_AES_256_CBC_SHA, TLS_ECDHE_ECDSA_WITH_AES_128_CBC_SHA, TLS_ECDHE_RSA_WITH_AES_128_CBC_SHA, TLS_DHE_RSA_WITH_AES_256_CBC_SHA, TLS_DHE_DSS_WITH_AES_256_CBC_SHA, TLS_DHE_RSA_WITH_AES_128_CBC_SHA, TLS_DHE_DSS_WITH_AES_128_CBC_SHA, TLS_ECDH_ECDSA_WITH_AES_256_CBC_SHA, TLS_ECDH_RSA_WITH_AES_256_CBC_SHA, TLS_ECDH_ECDSA_WITH_AES_128_CBC_SHA, TLS_ECDH_RSA_WITH_AES_128_CBC_SHA, TLS_RSA_WITH_AES_256_GCM_SHA384, TLS_RSA_WITH_AES_128_GCM_SHA256, TLS_RSA_WITH_AES_256_CBC_SHA256, TLS_RSA_WITH_AES_128_CBC_SHA256, TLS_RSA_WITH_AES_256_CBC_SHA, TLS_RSA_WITH_AES_128_CBC_SHA, TLS_EMPTY_RENEGOTIATION_INFO_SCSV]
13:37:18.219 [Test worker] DEBUG org.apache.hc.client5.http.ssl.SSLConnectionSocketFactory - Starting handshake
13:37:18.308 [Test worker] DEBUG org.apache.hc.client5.http.ssl.SSLConnectionSocketFactory - Secure session established
13:37:18.308 [Test worker] DEBUG org.apache.hc.client5.http.ssl.SSLConnectionSocketFactory -  negotiated protocol: TLSv1.3
13:37:18.308 [Test worker] DEBUG org.apache.hc.client5.http.ssl.SSLConnectionSocketFactory -  negotiated cipher suite: TLS_AES_256_GCM_SHA384
13:37:18.308 [Test worker] DEBUG org.apache.hc.client5.http.ssl.SSLConnectionSocketFactory -  peer principal: CN=*.storage.googleapis.com
13:37:18.308 [Test worker] DEBUG org.apache.hc.client5.http.ssl.SSLConnectionSocketFactory -  peer alternative names: [*.storage.googleapis.com, *.googleapis.com, commondatastorage.googleapis.com, *.commondatastorage.googleapis.com, storage.googleapis.com, storage-p2.googleapis.com, *.storage-p2.googleapis.com, storage.mtls.googleapis.com, *.appspot.com.storage.googleapis.com, *.content-storage.googleapis.com, *.content-storage-p2.googleapis.com, *.content-storage-upload.googleapis.com, *.content-storage-download.googleapis.com, *.storage-upload.googleapis.com, *.storage-download.googleapis.com]
13:37:18.308 [Test worker] DEBUG org.apache.hc.client5.http.ssl.SSLConnectionSocketFactory -  issuer principal: CN=GTS CA 1C3, O=Google Trust Services LLC, C=US
13:37:18.309 [Test worker] DEBUG org.apache.hc.client5.http.impl.io.DefaultHttpClientConnectionOperator - http-outgoing-2 connection established 192.168.1.8:61956<->142.250.78.91:443
13:37:18.309 [Test worker] DEBUG org.apache.hc.client5.http.impl.io.PoolingHttpClientConnectionManager - ep-0000000003 connected http-outgoing-2
13:37:18.309 [Test worker] DEBUG org.apache.hc.client5.http.impl.classic.InternalHttpClient - ep-0000000003 endpoint connected
13:37:18.309 [Test worker] DEBUG org.apache.hc.client5.http.impl.classic.MainClientExec - ex-0000000004 executing GET /LATEST_RELEASE HTTP/1.1
13:37:18.309 [Test worker] DEBUG org.apache.hc.client5.http.impl.classic.InternalHttpClient - ep-0000000003 start execution ex-0000000004
13:37:18.309 [Test worker] DEBUG org.apache.hc.client5.http.impl.io.PoolingHttpClientConnectionManager - ep-0000000003 executing exchange ex-0000000004 over http-outgoing-2
13:37:18.309 [Test worker] DEBUG org.apache.hc.client5.http.headers - http-outgoing-2 >> GET /LATEST_RELEASE HTTP/1.1
13:37:18.309 [Test worker] DEBUG org.apache.hc.client5.http.headers - http-outgoing-2 >> user-agent: Apache-HttpClient/5.0
13:37:18.309 [Test worker] DEBUG org.apache.hc.client5.http.headers - http-outgoing-2 >> accept-encoding: gzip, deflate, br
13:37:18.309 [Test worker] DEBUG org.apache.hc.client5.http.headers - http-outgoing-2 >> cache-control: max-age=0
13:37:18.310 [Test worker] DEBUG org.apache.hc.client5.http.headers - http-outgoing-2 >> connection: keep-alive
13:37:18.310 [Test worker] DEBUG org.apache.hc.client5.http.headers - http-outgoing-2 >> Host: chromedriver.storage.googleapis.com
13:37:18.310 [Test worker] DEBUG org.apache.hc.client5.http.wire - http-outgoing-2 >> "GET /LATEST_RELEASE HTTP/1.1[\r][\n]"
13:37:18.310 [Test worker] DEBUG org.apache.hc.client5.http.wire - http-outgoing-2 >> "user-agent: Apache-HttpClient/5.0[\r][\n]"
13:37:18.310 [Test worker] DEBUG org.apache.hc.client5.http.wire - http-outgoing-2 >> "accept-encoding: gzip, deflate, br[\r][\n]"
13:37:18.310 [Test worker] DEBUG org.apache.hc.client5.http.wire - http-outgoing-2 >> "cache-control: max-age=0[\r][\n]"
13:37:18.310 [Test worker] DEBUG org.apache.hc.client5.http.wire - http-outgoing-2 >> "connection: keep-alive[\r][\n]"
13:37:18.310 [Test worker] DEBUG org.apache.hc.client5.http.wire - http-outgoing-2 >> "Host: chromedriver.storage.googleapis.com[\r][\n]"
13:37:18.310 [Test worker] DEBUG org.apache.hc.client5.http.wire - http-outgoing-2 >> "[\r][\n]"
13:37:18.341 [Test worker] DEBUG org.apache.hc.client5.http.wire - http-outgoing-2 << "HTTP/1.1 200 OK[\r][\n]"
13:37:18.341 [Test worker] DEBUG org.apache.hc.client5.http.wire - http-outgoing-2 << "X-GUploader-UploadID: ABPtcPpqAWtul07Nc4c4_TTWhiQjO4pDUx6Zq7HxEZvwusDadNcOywoXBCnKVXLCnn7ecyJxy3A[\r][\n]"
13:37:18.341 [Test worker] DEBUG org.apache.hc.client5.http.wire - http-outgoing-2 << "x-goog-generation: 1685523462105569[\r][\n]"
13:37:18.341 [Test worker] DEBUG org.apache.hc.client5.http.wire - http-outgoing-2 << "x-goog-metageneration: 1[\r][\n]"
13:37:18.341 [Test worker] DEBUG org.apache.hc.client5.http.wire - http-outgoing-2 << "x-goog-stored-content-encoding: identity[\r][\n]"
13:37:18.341 [Test worker] DEBUG org.apache.hc.client5.http.wire - http-outgoing-2 << "x-goog-stored-content-length: 13[\r][\n]"
13:37:18.341 [Test worker] DEBUG org.apache.hc.client5.http.wire - http-outgoing-2 << "x-goog-hash: crc32c=tVW4TA==[\r][\n]"
13:37:18.341 [Test worker] DEBUG org.apache.hc.client5.http.wire - http-outgoing-2 << "x-goog-hash: md5=NoaEuIlBlniwTkiZ1T16sA==[\r][\n]"
13:37:18.341 [Test worker] DEBUG org.apache.hc.client5.http.wire - http-outgoing-2 << "x-goog-storage-class: STANDARD[\r][\n]"
13:37:18.341 [Test worker] DEBUG org.apache.hc.client5.http.wire - http-outgoing-2 << "Accept-Ranges: bytes[\r][\n]"
13:37:18.341 [Test worker] DEBUG org.apache.hc.client5.http.wire - http-outgoing-2 << "Content-Length: 13[\r][\n]"
13:37:18.341 [Test worker] DEBUG org.apache.hc.client5.http.wire - http-outgoing-2 << "Server: UploadServer[\r][\n]"
13:37:18.342 [Test worker] DEBUG org.apache.hc.client5.http.wire - http-outgoing-2 << "Date: Fri, 01 Mar 2024 18:02:42 GMT[\r][\n]"
13:37:18.342 [Test worker] DEBUG org.apache.hc.client5.http.wire - http-outgoing-2 << "Expires: Fri, 01 Mar 2024 19:02:42 GMT[\r][\n]"
13:37:18.342 [Test worker] DEBUG org.apache.hc.client5.http.wire - http-outgoing-2 << "Cache-Control: public, max-age=3600[\r][\n]"
13:37:18.342 [Test worker] DEBUG org.apache.hc.client5.http.wire - http-outgoing-2 << "Age: 2076[\r][\n]"
13:37:18.342 [Test worker] DEBUG org.apache.hc.client5.http.wire - http-outgoing-2 << "Last-Modified: Wed, 31 May 2023 08:57:42 GMT[\r][\n]"
13:37:18.342 [Test worker] DEBUG org.apache.hc.client5.http.wire - http-outgoing-2 << "ETag: "368684b889419678b04e4899d53d7ab0"[\r][\n]"
13:37:18.342 [Test worker] DEBUG org.apache.hc.client5.http.wire - http-outgoing-2 << "Content-Type: text/plain[\r][\n]"
13:37:18.342 [Test worker] DEBUG org.apache.hc.client5.http.wire - http-outgoing-2 << "Alt-Svc: h3=":443"; ma=2592000,h3-29=":443"; ma=2592000[\r][\n]"
13:37:18.342 [Test worker] DEBUG org.apache.hc.client5.http.wire - http-outgoing-2 << "[\r][\n]"
13:37:18.342 [Test worker] DEBUG org.apache.hc.client5.http.wire - http-outgoing-2 << "114.0.5735.90"
13:37:18.343 [Test worker] DEBUG org.apache.hc.client5.http.headers - http-outgoing-2 << HTTP/1.1 200 OK
13:37:18.343 [Test worker] DEBUG org.apache.hc.client5.http.headers - http-outgoing-2 << X-GUploader-UploadID: ABPtcPpqAWtul07Nc4c4_TTWhiQjO4pDUx6Zq7HxEZvwusDadNcOywoXBCnKVXLCnn7ecyJxy3A
13:37:18.343 [Test worker] DEBUG org.apache.hc.client5.http.headers - http-outgoing-2 << x-goog-generation: 1685523462105569
13:37:18.343 [Test worker] DEBUG org.apache.hc.client5.http.headers - http-outgoing-2 << x-goog-metageneration: 1
13:37:18.343 [Test worker] DEBUG org.apache.hc.client5.http.headers - http-outgoing-2 << x-goog-stored-content-encoding: identity
13:37:18.344 [Test worker] DEBUG org.apache.hc.client5.http.headers - http-outgoing-2 << x-goog-stored-content-length: 13
13:37:18.344 [Test worker] DEBUG org.apache.hc.client5.http.headers - http-outgoing-2 << x-goog-hash: crc32c=tVW4TA==
13:37:18.344 [Test worker] DEBUG org.apache.hc.client5.http.headers - http-outgoing-2 << x-goog-hash: md5=NoaEuIlBlniwTkiZ1T16sA==
13:37:18.344 [Test worker] DEBUG org.apache.hc.client5.http.headers - http-outgoing-2 << x-goog-storage-class: STANDARD
13:37:18.344 [Test worker] DEBUG org.apache.hc.client5.http.headers - http-outgoing-2 << Accept-Ranges: bytes
13:37:18.344 [Test worker] DEBUG org.apache.hc.client5.http.headers - http-outgoing-2 << Content-Length: 13
13:37:18.344 [Test worker] DEBUG org.apache.hc.client5.http.headers - http-outgoing-2 << Server: UploadServer
13:37:18.344 [Test worker] DEBUG org.apache.hc.client5.http.headers - http-outgoing-2 << Date: Fri, 01 Mar 2024 18:02:42 GMT
13:37:18.344 [Test worker] DEBUG org.apache.hc.client5.http.headers - http-outgoing-2 << Expires: Fri, 01 Mar 2024 19:02:42 GMT
13:37:18.344 [Test worker] DEBUG org.apache.hc.client5.http.headers - http-outgoing-2 << Cache-Control: public, max-age=3600
13:37:18.344 [Test worker] DEBUG org.apache.hc.client5.http.headers - http-outgoing-2 << Age: 2076
13:37:18.344 [Test worker] DEBUG org.apache.hc.client5.http.headers - http-outgoing-2 << Last-Modified: Wed, 31 May 2023 08:57:42 GMT
13:37:18.344 [Test worker] DEBUG org.apache.hc.client5.http.headers - http-outgoing-2 << ETag: "368684b889419678b04e4899d53d7ab0"
13:37:18.344 [Test worker] DEBUG org.apache.hc.client5.http.headers - http-outgoing-2 << Content-Type: text/plain
13:37:18.345 [Test worker] DEBUG org.apache.hc.client5.http.headers - http-outgoing-2 << Alt-Svc: h3=":443"; ma=2592000,h3-29=":443"; ma=2592000
13:37:18.345 [Test worker] DEBUG org.apache.hc.client5.http.impl.classic.MainClientExec - ex-0000000004 connection can be kept alive for 3 MINUTES
13:37:18.346 [Test worker] DEBUG org.apache.hc.client5.http.impl.classic.InternalHttpClient - ep-0000000003 releasing valid endpoint
13:37:18.346 [Test worker] DEBUG org.apache.hc.client5.http.impl.io.PoolingHttpClientConnectionManager - ep-0000000003 releasing endpoint
13:37:18.346 [Test worker] DEBUG org.apache.hc.client5.http.impl.io.PoolingHttpClientConnectionManager - ep-0000000003 connection http-outgoing-2 can be kept alive for 3 MINUTES
13:37:18.346 [Test worker] DEBUG org.apache.hc.client5.http.impl.io.PoolingHttpClientConnectionManager - ep-0000000003 connection released [route: {s}->https://chromedriver.storage.googleapis.com:443][total available: 2; route allocated: 2 of 5; total allocated: 3 of 25]
13:37:18.346 [Test worker] DEBUG io.github.bonigarcia.wdm.versions.VersionDetector - Latest version of chromedriver according to https://chromedriver.storage.googleapis.com/LATEST_RELEASE is 114.0.5735.90
13:37:18.362 [Test worker] DEBUG io.github.bonigarcia.wdm.WebDriverManager - Driver chromedriver 114.0.5735.90 found in cache
13:37:18.363 [Test worker] INFO io.github.bonigarcia.wdm.WebDriverManager - Exporting webdriver.chrome.driver as C:\Users\jrest\.cache\selenium\chromedriver\win32\114.0.5735.90\chromedriver.exe
13:37:18.501 [Test worker] INFO net.serenitybdd.core.webdriver.driverproviders.ChromeDriverProvider - Starting Chrome driver instance with capabilities:
[...]
13:37:36.763 [Forwarding setTimeout on session 4a6da8df58915400155a62f9baf3f056 to remote] DEBUG org.asynchttpclient.netty.request.NettyRequestSender - Using pooled Channel '[id: 0x6a83c3be, L:/127.0.0.1:62001 - R:localhost/127.0.0.1:57429]' for 'POST' to 'http://localhost:57429/session/4a6da8df58915400155a62f9baf3f056/timeouts'
13:37:36.763 [Forwarding setTimeout on session 4a6da8df58915400155a62f9baf3f056 to remote] DEBUG org.asynchttpclient.netty.request.NettyRequestSender - Using open Channel [id: 0x6a83c3be, L:/127.0.0.1:62001 - R:localhost/127.0.0.1:57429] for POST '/session/4a6da8df58915400155a62f9baf3f056/timeouts'
13:37:36.764 [AsyncHttpClient-1-2] DEBUG org.asynchttpclient.netty.handler.HttpHandler - 

Request DefaultHttpRequest(decodeResult: success, version: HTTP/1.1)
POST /session/4a6da8df58915400155a62f9baf3f056/timeouts HTTP/1.1
User-Agent: selenium/4.3.0 (java windows)
Content-Length: 19
Content-Type: application/json; charset=utf-8
host: localhost:57429
accept: */*

Response DefaultHttpResponse(decodeResult: success, version: HTTP/1.1)
HTTP/1.1 200 OK
Content-Type: application/json; charset=utf-8
cache-control: no-cache
content-length: 14

13:37:36.764 [AsyncHttpClient-1-2] DEBUG org.asynchttpclient.netty.channel.ChannelManager - Adding key: http://localhost:57429 for channel [id: 0x6a83c3be, L:/127.0.0.1:62001 - R:localhost/127.0.0.1:57429]
13:37:36.774 [Forwarding findElement on session 4a6da8df58915400155a62f9baf3f056 to remote] DEBUG org.asynchttpclient.netty.request.NettyRequestSender - Using pooled Channel '[id: 0x6a83c3be, L:/127.0.0.1:62001 - R:localhost/127.0.0.1:57429]' for 'POST' to 'http://localhost:57429/session/4a6da8df58915400155a62f9baf3f056/element'
13:37:36.775 [Forwarding findElement on session 4a6da8df58915400155a62f9baf3f056 to remote] DEBUG org.asynchttpclient.netty.request.NettyRequestSender - Using open Channel [id: 0x6a83c3be, L:/127.0.0.1:62001 - R:localhost/127.0.0.1:57429] for POST '/session/4a6da8df58915400155a62f9baf3f056/element'
13:37:36.790 [AsyncHttpClient-1-2] DEBUG org.asynchttpclient.netty.handler.HttpHandler - 

Request DefaultHttpRequest(decodeResult: success, version: HTTP/1.1)
POST /session/4a6da8df58915400155a62f9baf3f056/element HTTP/1.1
User-Agent: selenium/4.3.0 (java windows)
Content-Length: 69
Content-Type: application/json; charset=utf-8
host: localhost:57429
accept: */*

Response DefaultHttpResponse(decodeResult: success, version: HTTP/1.1)
HTTP/1.1 200 OK
Content-Type: application/json; charset=utf-8
cache-control: no-cache
content-length: 95

13:37:36.790 [AsyncHttpClient-1-2] DEBUG org.asynchttpclient.netty.channel.ChannelManager - Adding key: http://localhost:57429 for channel [id: 0x6a83c3be, L:/127.0.0.1:62001 - R:localhost/127.0.0.1:57429]
13:37:36.792 [Forwarding setTimeout on session 4a6da8df58915400155a62f9baf3f056 to remote] DEBUG org.asynchttpclient.netty.request.NettyRequestSender - Using pooled Channel '[id: 0x6a83c3be, L:/127.0.0.1:62001 - R:localhost/127.0.0.1:57429]' for 'POST' to 'http://localhost:57429/session/4a6da8df58915400155a62f9baf3f056/timeouts'
13:37:36.792 [Forwarding setTimeout on session 4a6da8df58915400155a62f9baf3f056 to remote] DEBUG org.asynchttpclient.netty.request.NettyRequestSender - Using open Channel [id: 0x6a83c3be, L:/127.0.0.1:62001 - R:localhost/127.0.0.1:57429] for POST '/session/4a6da8df58915400155a62f9baf3f056/timeouts'
13:37:36.794 [AsyncHttpClient-1-2] DEBUG org.asynchttpclient.netty.handler.HttpHandler - 

Request DefaultHttpRequest(decodeResult: success, version: HTTP/1.1)
POST /session/4a6da8df58915400155a62f9baf3f056/timeouts HTTP/1.1
User-Agent: selenium/4.3.0 (java windows)
Content-Length: 22
Content-Type: application/json; charset=utf-8
host: localhost:57429
accept: */*

Response DefaultHttpResponse(decodeResult: success, version: HTTP/1.1)
HTTP/1.1 200 OK
Content-Type: application/json; charset=utf-8
cache-control: no-cache
content-length: 14

13:37:36.794 [AsyncHttpClient-1-2] DEBUG org.asynchttpclient.netty.channel.ChannelManager - Adding key: http://localhost:57429 for channel [id: 0x6a83c3be, L:/127.0.0.1:62001 - R:localhost/127.0.0.1:57429]
13:37:36.799 [Forwarding isElementDisplayed on session 4a6da8df58915400155a62f9baf3f056 to remote] DEBUG org.asynchttpclient.netty.request.NettyRequestSender - Using pooled Channel '[id: 0x6a83c3be, L:/127.0.0.1:62001 - R:localhost/127.0.0.1:57429]' for 'POST' to 'http://localhost:57429/session/4a6da8df58915400155a62f9baf3f056/execute/sync'
13:37:36.799 [Forwarding isElementDisplayed on session 4a6da8df58915400155a62f9baf3f056 to remote] DEBUG org.asynchttpclient.netty.request.NettyRequestSender - Using open Channel [id: 0x6a83c3be, L:/127.0.0.1:62001 - R:localhost/127.0.0.1:57429] for POST '/session/4a6da8df58915400155a62f9baf3f056/execute/sync'
13:37:36.808 [AsyncHttpClient-1-2] DEBUG org.asynchttpclient.netty.handler.HttpHandler - 

Request DefaultHttpRequest(decodeResult: success, version: HTTP/1.1)
POST /session/4a6da8df58915400155a62f9baf3f056/execute/sync HTTP/1.1
User-Agent: selenium/4.3.0 (java windows)
Content-Length: 48787
Content-Type: application/json; charset=utf-8
host: localhost:57429
accept: */*

Response DefaultHttpResponse(decodeResult: success, version: HTTP/1.1)
HTTP/1.1 200 OK
Content-Type: application/json; charset=utf-8
cache-control: no-cache
content-length: 14

13:37:36.808 [AsyncHttpClient-1-2] DEBUG org.asynchttpclient.netty.channel.ChannelManager - Adding key: http://localhost:57429 for channel [id: 0x6a83c3be, L:/127.0.0.1:62001 - R:localhost/127.0.0.1:57429]
13:37:36.827 [Forwarding getElementText on session 4a6da8df58915400155a62f9baf3f056 to remote] DEBUG org.asynchttpclient.netty.request.NettyRequestSender - Using pooled Channel '[id: 0x6a83c3be, L:/127.0.0.1:62001 - R:localhost/127.0.0.1:57429]' for 'GET' to 'http://localhost:57429/session/4a6da8df58915400155a62f9baf3f056/element/7449989D9CAFA737E33BC8E74BD934FD_element_58/text'
13:37:36.827 [Forwarding getElementText on session 4a6da8df58915400155a62f9baf3f056 to remote] DEBUG org.asynchttpclient.netty.request.NettyRequestSender - Using open Channel [id: 0x6a83c3be, L:/127.0.0.1:62001 - R:localhost/127.0.0.1:57429] for GET '/session/4a6da8df58915400155a62f9baf3f056/element/7449989D9CAFA737E33BC8E74BD934FD_element_58/text'
13:37:36.843 [AsyncHttpClient-1-2] DEBUG org.asynchttpclient.netty.handler.HttpHandler - 

Request DefaultFullHttpRequest(decodeResult: success, version: HTTP/1.1, content: EmptyByteBufBE)
GET /session/4a6da8df58915400155a62f9baf3f056/element/7449989D9CAFA737E33BC8E74BD934FD_element_58/text HTTP/1.1
User-Agent: selenium/4.3.0 (java windows)
Cache-Control: no-cache
Content-Type: application/json; charset=utf-8
host: localhost:57429
accept: */*

Response DefaultHttpResponse(decodeResult: success, version: HTTP/1.1)
HTTP/1.1 200 OK
Content-Type: application/json; charset=utf-8
cache-control: no-cache
content-length: 19

13:37:36.843 [AsyncHttpClient-1-2] DEBUG org.asynchttpclient.netty.channel.ChannelManager - Adding key: http://localhost:57429 for channel [id: 0x6a83c3be, L:/127.0.0.1:62001 - R:localhost/127.0.0.1:57429]
13:37:36.863 [Forwarding screenshot on session 4a6da8df58915400155a62f9baf3f056 to remote] DEBUG org.asynchttpclient.netty.request.NettyRequestSender - Using pooled Channel '[id: 0x6a83c3be, L:/127.0.0.1:62001 - R:localhost/127.0.0.1:57429]' for 'GET' to 'http://localhost:57429/session/4a6da8df58915400155a62f9baf3f056/screenshot'
13:37:36.863 [Forwarding screenshot on session 4a6da8df58915400155a62f9baf3f056 to remote] DEBUG org.asynchttpclient.netty.request.NettyRequestSender - Using open Channel [id: 0x6a83c3be, L:/127.0.0.1:62001 - R:localhost/127.0.0.1:57429] for GET '/session/4a6da8df58915400155a62f9baf3f056/screenshot'
13:37:37.037 [AsyncHttpClient-1-2] DEBUG org.asynchttpclient.netty.handler.HttpHandler - 

Request DefaultFullHttpRequest(decodeResult: success, version: HTTP/1.1, content: EmptyByteBufBE)
GET /session/4a6da8df58915400155a62f9baf3f056/screenshot HTTP/1.1
User-Agent: selenium/4.3.0 (java windows)
Cache-Control: no-cache
Content-Type: application/json; charset=utf-8
host: localhost:57429
accept: */*

Response DefaultHttpResponse(decodeResult: success, version: HTTP/1.1)
HTTP/1.1 200 OK
Content-Type: application/json; charset=utf-8
cache-control: no-cache
content-length: 175964

13:37:37.039 [AsyncHttpClient-1-2] DEBUG org.asynchttpclient.netty.channel.ChannelManager - Adding key: http://localhost:57429 for channel [id: 0x6a83c3be, L:/127.0.0.1:62001 - R:localhost/127.0.0.1:57429]
13:37:37.045 [Test worker] DEBUG net.serenitybdd.core.photography.Darkroom - Send negative for processing for C:\Users\jrest\IdeaProjects\patron-pom\target\site\serenity\c4b1f9bd556ee17f1c00486f6636fb0bce86b65c05e8c275dd180cdb992e9a56.png
13:37:37.045 [Test worker] DEBUG net.thucydides.core.steps.StepInterceptor - STEP DONE: Validate successful login
13:37:37.045 [Darkroom Processing Line] DEBUG net.serenitybdd.core.photography.DarkroomProcessingLine - Processing screenshot image in /var/screenshots/screenshot-14008107961028197691
13:37:37.045 [Darkroom Processing Line] DEBUG net.serenitybdd.core.photography.DarkroomProcessingLine - Saving screenshot to C:\Users\jrest\IdeaProjects\patron-pom\target\site\serenity\c4b1f9bd556ee17f1c00486f6636fb0bce86b65c05e8c275dd180cdb992e9a56.png
  ?[32mEntonces ?[0m?[32mdeberÃ­a ver la pÃ¡gina principal?[0m                   ?[90m# org.serenity.definitions.LoginDefinitions.deberiaVerPaginaPrincipal()?[0m
13:37:37.068 [Test worker] INFO  - 
  _____   ___   ___   _____     ___     _     ___   ___   ___   ___  
 |_   _| | __| / __| |_   _|   | _ \   /_\   / __| / __| | __| |   \ 
   | |   | _|  \__ \   | |     |  _/  / _ \  \__ \ \__ \ | _|  | |) |
   |_|   |___| |___/   |_|     |_|   /_/ \_\ |___/ |___/ |___| |___/ 

Iniciar sesión exitosamente
----------------------------------------------------------------------
13:37:37.125 [Driver Command Executor] DEBUG org.asynchttpclient.netty.request.NettyRequestSender - Using pooled Channel '[id: 0x6a83c3be, L:/127.0.0.1:62001 - R:localhost/127.0.0.1:57429]' for 'DELETE' to 'http://localhost:57429/session/4a6da8df58915400155a62f9baf3f056'
13:37:37.125 [Driver Command Executor] DEBUG org.asynchttpclient.netty.request.NettyRequestSender - Using open Channel [id: 0x6a83c3be, L:/127.0.0.1:62001 - R:localhost/127.0.0.1:57429] for DELETE '/session/4a6da8df58915400155a62f9baf3f056'
13:37:37.130 [AsyncHttpClient-1-4] DEBUG org.asynchttpclient.netty.handler.WebSocketHandler - Channel Closed: [id: 0x220b3c44, L:/127.0.0.1:62010 ! R:localhost/127.0.0.1:62003] with attribute DISCARD
13:37:37.170 [AsyncHttpClient-1-3] DEBUG org.asynchttpclient.netty.handler.HttpHandler - Unexpected I/O exception on channel [id: 0x89ebe4d1, L:/127.0.0.1:62009 - R:localhost/127.0.0.1:62003]
java.io.IOException: Se ha forzado la interrupción de una conexión existente por el host remoto
	at java.base/sun.nio.ch.SocketDispatcher.read0(Native Method)
	at java.base/sun.nio.ch.SocketDispatcher.read(SocketDispatcher.java:43)
	at java.base/sun.nio.ch.IOUtil.readIntoNativeBuffer(IOUtil.java:276)
	at java.base/sun.nio.ch.IOUtil.read(IOUtil.java:233)
	at java.base/sun.nio.ch.IOUtil.read(IOUtil.java:223)
	at java.base/sun.nio.ch.SocketChannelImpl.read(SocketChannelImpl.java:358)
	at io.netty.buffer.PooledByteBuf.setBytes(PooledByteBuf.java:258)
	at io.netty.buffer.AbstractByteBuf.writeBytes(AbstractByteBuf.java:1132)
	at io.netty.channel.socket.nio.NioSocketChannel.doReadBytes(NioSocketChannel.java:357)
	at io.netty.channel.nio.AbstractNioByteChannel$NioByteUnsafe.read(AbstractNioByteChannel.java:151)
	at io.netty.channel.nio.NioEventLoop.processSelectedKey(NioEventLoop.java:722)
	at io.netty.channel.nio.NioEventLoop.processSelectedKeysOptimized(NioEventLoop.java:658)
	at io.netty.channel.nio.NioEventLoop.processSelectedKeys(NioEventLoop.java:584)
	at io.netty.channel.nio.NioEventLoop.run(NioEventLoop.java:496)
	at io.netty.util.concurrent.SingleThreadEventExecutor$4.run(SingleThreadEventExecutor.java:997)
	at io.netty.util.internal.ThreadExecutorMap$2.run(ThreadExecutorMap.java:74)
	at io.netty.util.concurrent.FastThreadLocalRunnable.run(FastThreadLocalRunnable.java:30)
	at java.base/java.lang.Thread.run(Thread.java:834)
13:37:37.175 [AsyncHttpClient-1-3] DEBUG org.asynchttpclient.netty.channel.ChannelManager - Closing Channel [id: 0x89ebe4d1, L:/127.0.0.1:62009 - R:localhost/127.0.0.1:62003] 
13:37:37.178 [AsyncHttpClient-1-3] DEBUG org.asynchttpclient.netty.handler.HttpHandler - Channel Closed: [id: 0x89ebe4d1, L:/127.0.0.1:62009 ! R:localhost/127.0.0.1:62003] with attribute DISCARD
13:37:37.199 [AsyncHttpClient-1-2] DEBUG org.asynchttpclient.netty.handler.HttpHandler - 

Request DefaultFullHttpRequest(decodeResult: success, version: HTTP/1.1, content: EmptyByteBufBE)
DELETE /session/4a6da8df58915400155a62f9baf3f056 HTTP/1.1
User-Agent: selenium/4.3.0 (java windows)
Content-Type: application/json; charset=utf-8
host: localhost:57429
accept: */*

Response DefaultHttpResponse(decodeResult: success, version: HTTP/1.1)
HTTP/1.1 200 OK
Content-Type: application/json; charset=utf-8
cache-control: no-cache
content-length: 14

13:37:37.199 [AsyncHttpClient-1-2] DEBUG org.asynchttpclient.netty.channel.ChannelManager - Adding key: http://localhost:57429 for channel [id: 0x6a83c3be, L:/127.0.0.1:62001 - R:localhost/127.0.0.1:57429]
13:37:37.278 [AsyncHttpClient-1-2] DEBUG org.asynchttpclient.netty.handler.HttpHandler - Channel Closed: [id: 0x6a83c3be, L:/127.0.0.1:62001 ! R:localhost/127.0.0.1:57429] with attribute DISCARD
13:37:37.342 [Test worker] DEBUG net.thucydides.core.reports.ReportService - Reporting formats: [JSON, HTML]
13:37:37.399 [AsyncHttpClient-1-1] DEBUG org.asynchttpclient.netty.channel.DefaultChannelPool - Entry count for : http://localhost:62003 : 1
13:37:37.399 [AsyncHttpClient-1-1] DEBUG org.asynchttpclient.netty.channel.DefaultChannelPool - Entry count for : http://localhost:57429 : 1
13:37:37.399 [AsyncHttpClient-1-1] DEBUG org.asynchttpclient.netty.channel.DefaultChannelPool - Adding Candidate expired Channel [id: 0x89ebe4d1, L:/127.0.0.1:62009 ! R:localhost/127.0.0.1:62003] isIdleTimeoutExpired=false isRemotelyClosed=true isTtlExpired=false
13:37:37.399 [AsyncHttpClient-1-1] DEBUG org.asynchttpclient.netty.channel.DefaultChannelPool - Closing Idle Channel [id: 0x89ebe4d1, L:/127.0.0.1:62009 ! R:localhost/127.0.0.1:62003]
13:37:37.399 [AsyncHttpClient-1-1] DEBUG org.asynchttpclient.netty.channel.DefaultChannelPool - Adding Candidate expired Channel [id: 0x6a83c3be, L:/127.0.0.1:62001 ! R:localhost/127.0.0.1:57429] isIdleTimeoutExpired=false isRemotelyClosed=true isTtlExpired=false
13:37:37.399 [AsyncHttpClient-1-1] DEBUG org.asynchttpclient.netty.channel.DefaultChannelPool - Closing Idle Channel [id: 0x6a83c3be, L:/127.0.0.1:62001 ! R:localhost/127.0.0.1:57429]
13:37:37.400 [AsyncHttpClient-1-1] DEBUG org.asynchttpclient.netty.channel.DefaultChannelPool - Closed 2 connections out of 2 in 1 ms
13:37:37.536 [Test worker] DEBUG net.thucydides.core.reports.ReportService - Reporting formats: [JSON, HTML]
13:37:37.544 [Test worker] DEBUG net.thucydides.core.reports.ReportService - Generating reports for 1 test outcomes using: net.thucydides.core.reports.json.JSONTestOutcomeReporter@1d2414a1
13:37:37.545 [pool-1-thread-1] DEBUG net.thucydides.core.reports.ReportService - Processing test outcome Inicio de sesión:Iniciar sesión exitosamente
13:37:37.546 [pool-1-thread-1] DEBUG net.thucydides.core.reports.ReportService - net.thucydides.core.reports.json.JSONTestOutcomeReporter@1d2414a1: Generating report for test outcome: Inicio de sesión:Iniciar sesión exitosamente
13:37:37.567 [pool-1-thread-1] DEBUG net.thucydides.core.reports.json.JSONTestOutcomeReporter - Generating JSON report for Iniciar sesión exitosamente to file C:\Users\jrest\IdeaProjects\patron-pom\target\site\serenity\815a4725fe03694b15b019508d43ff8e0aa80cabf677dc7104fdcde4ee243960.json (using temp file C:\Users\jrest\IdeaProjects\patron-pom\target\site\serenity\815a4725fe03694b15b019508d43ff8e0aa80cabf677dc7104fdcde4ee243960.json3e849d66-3d22-4f11-9b90-04fde5cc5a2e)
13:37:37.616 [pool-1-thread-1] DEBUG net.thucydides.core.reports.ReportService - Processing test outcome Inicio de sesión:Iniciar sesión exitosamente done
13:37:37.616 [Test worker] DEBUG net.thucydides.core.reports.ReportService - Shutting down executor service
13:37:37.616 [Test worker] DEBUG net.thucydides.core.reports.ReportService - Reports generated in: 72 ms
13:37:37.616 [Test worker] DEBUG net.thucydides.core.reports.ReportService - Generating reports for 1 test outcomes using: net.thucydides.core.reports.html.HtmlAcceptanceTestReporter@4da069f0
13:37:37.617 [pool-2-thread-1] DEBUG net.thucydides.core.reports.ReportService - Processing test outcome Inicio de sesión:Iniciar sesión exitosamente
13:37:37.617 [pool-2-thread-1] DEBUG net.thucydides.core.reports.ReportService - net.thucydides.core.reports.html.HtmlAcceptanceTestReporter@4da069f0: Generating report for test outcome: Inicio de sesión:Iniciar sesión exitosamente
13:37:37.652 [pool-2-thread-1] DEBUG net.thucydides.core.requirements.PackageRequirementsTagProvider - Loading requirements from package requirements at: org.serenity.runners
13:37:39.288 [pool-2-thread-1] DEBUG net.thucydides.core.reports.ReportService - Processing test outcome Inicio de sesión:Iniciar sesión exitosamente done
13:37:39.288 [Test worker] DEBUG net.thucydides.core.reports.ReportService - Shutting down executor service
13:37:39.288 [Test worker] DEBUG net.thucydides.core.reports.ReportService - Reports generated in: 1672 ms
13:37:39.375 [Test worker] DEBUG net.serenitybdd.core.photography.Darkroom - Closing darkroom
13:37:39.375 [Darkroom Processing Line] DEBUG net.serenitybdd.core.photography.DarkroomProcessingLine - Darkroom processing line shutting down
13:37:39.403 [Test worker] DEBUG net.serenitybdd.core.photography.Darkroom - Closing darkroom
]]></system-out>
  <system-err><![CDATA[?[32m?[1m??????????????????????????????????????????????????????????????????????????????????????[0m
?[32m?[1m??[0m Share your Cucumber Report with your team at ?[36m?[1m?[4mhttps://reports.cucumber.io?[0m          ?[32m?[1m??[0m
?[32m?[1m??[0m Activate publishing with one of the following:                                    ?[32m?[1m??[0m
?[32m?[1m??[0m                                                                                   ?[32m?[1m??[0m
?[32m?[1m??[0m src/test/resources/cucumber.properties:          ?[36mcucumber.publish.enabled?[0m=?[36mtrue?[0m    ?[32m?[1m??[0m
?[32m?[1m??[0m src/test/resources/junit-platform.properties:    ?[36mcucumber.publish.enabled?[0m=?[36mtrue?[0m    ?[32m?[1m??[0m
?[32m?[1m??[0m Environment variable:                            ?[36mCUCUMBER_PUBLISH_ENABLED?[0m=?[36mtrue?[0m    ?[32m?[1m??[0m
?[32m?[1m??[0m JUnit:                                           ?[36m@CucumberOptions?[0m(publish = ?[36mtrue?[0m) ?[32m?[1m??[0m
?[32m?[1m??[0m                                                                                   ?[32m?[1m??[0m
?[32m?[1m??[0m More information at ?[36mhttps://cucumber.io/docs/cucumber/environment-variables/?[0m      ?[32m?[1m??[0m
?[32m?[1m??[0m                                                                                   ?[32m?[1m??[0m
?[32m?[1m??[0m Disable this message with one of the following:                                   ?[32m?[1m??[0m
?[32m?[1m??[0m                                                                                   ?[32m?[1m??[0m
?[32m?[1m??[0m src/test/resources/cucumber.properties:          ?[36mcucumber.publish.quiet?[0m=?[36mtrue?[0m      ?[32m?[1m??[0m
?[32m?[1m??[0m src/test/resources/junit-platform.properties:    ?[36mcucumber.publish.quiet?[0m=?[36mtrue?[0m      ?[32m?[1m??[0m
?[32m?[1m??????????????????????????????????????????????????????????????????????????????????????[0m
]]></system-err>
</testsuite>
